2021-11-08 15:18:44 [main] INFO  by.epam.task4.main.Main - 	  It has survived - not only (five) centuries, but also the leap into electronic typesetting, remaining essentially unchanged.  It was popularised in the Динамо (Рига) with the release of Letraset sheets.toString() containing Lorem Ipsum passages, and more recently with desktop publishing software like Aldus PageMaker Faclon9 including versions of Lorem Ipsum!  It is a long a!=b established fact that a reader will be distracted by the readable content of a page when looking at its layout.  The point of using Ipsum is that it has a more-or-less normal distribution ob.toString(a?b:c), as opposed to using (Content here), content here's, making it look like readable English?  It is a established fact that a reader will be of a page when looking at its layout...  Bye бандерлоги.
2021-11-08 15:19:30 [main] INFO  by.epam.task4.main.Main -
	  It has survived - not only (five) centuries, but also the leap into electronic typesetting, remaining essentially unchanged.  It was popularised in the Динамо (Рига) with the release of Letraset sheets.toString() containing Lorem Ipsum passages, and more recently with desktop publishing software like Aldus PageMaker Faclon9 including versions of Lorem Ipsum!  It is a long a!=b established fact that a reader will be distracted by the readable content of a page when looking at its layout.  The point of using Ipsum is that it has a more-or-less normal distribution ob.toString(a?b:c), as opposed to using (Content here), content here's, making it look like readable English?  It is a established fact that a reader will be of a page when looking at its layout...  Bye бандерлоги.
2021-11-08 15:21:07 [main] INFO  by.epam.task4.main.Main -
	  It has survived - not only (five) centuries, but also the leap into electronic typesetting, remaining essentially unchanged.  It was popularised in the Динамо (Рига) with the release of Letraset sheets.toString() containing Lorem Ipsum passages, and more recently with desktop publishing software like Aldus PageMaker Faclon9 including versions of Lorem Ipsum!  It is a long a!=b established fact that a reader will be distracted by the readable content of a page when looking at its layout.  The point of using Ipsum is that it has a more-or-less normal distribution ob.toString(a?b:c), as opposed to using (Content here), content here's, making it look like readable English?  It is a established fact that a reader will be of a page when looking at its layout...  Bye бандерлоги.
2021-11-08 15:23:51 [main] INFO  by.epam.task4.main.Main -
	  It has survived - not only (five) centuries, but also the leap into electronic typesetting, remaining essentially unchanged.  It was popularised in the Динамо (Рига) with the release of Letraset sheets.toString() containing Lorem Ipsum passages, and more recently with desktop publishing software like Aldus PageMaker Faclon9 including versions of Lorem Ipsum!  It is a long a!=b established fact that a reader will be distracted by the readable content of a page when looking at its layout.  The point of using Ipsum is that it has a more-or-less normal distribution ob.toString(a?b:c), as opposed to using (Content here), content here's, making it look like readable English?  It is a established fact that a reader will be of a page when looking at its layout...  Bye бандерлоги.
2021-11-08 15:24:53 [main] INFO  by.epam.task4.main.Main -
 {4}  It has survived - not only (five) centuries, but also the leap into electronic typesetting, remaining essentially unchanged.  It was popularised in the Динамо (Рига) with the release of Letraset sheets.toString() containing Lorem Ipsum passages, and more recently with desktop publishing software like Aldus PageMaker Faclon9 including versions of Lorem Ipsum!  It is a long a!=b established fact that a reader will be distracted by the readable content of a page when looking at its layout.  The point of using Ipsum is that it has a more-or-less normal distribution ob.toString(a?b:c), as opposed to using (Content here), content here's, making it look like readable English?  It is a established fact that a reader will be of a page when looking at its layout...  Bye бандерлоги.
2021-11-08 15:26:11 [main] INFO  by.epam.task4.main.Main -
 {4}  It has survived - not only (five) centuries, but also the leap into electronic typesetting, remaining essentially unchanged.  It was popularised in the Динамо (Рига) with the release of Letraset sheets.toString() containing Lorem Ipsum passages, and more recently with desktop publishing software like Aldus PageMaker Faclon9 including versions of Lorem Ipsum!
 {4}  It is a long a!=b established fact that a reader will be distracted by the readable content of a page when looking at its layout.  The point of using Ipsum is that it has a more-or-less normal distribution ob.toString(a?b:c), as opposed to using (Content here), content here's, making it look like readable English?
 {4}  It is a established fact that a reader will be of a page when looking at its layout...
 {4}  Bye бандерлоги.
2021-11-08 15:26:53 [main] INFO  by.epam.task4.main.Main -
	  It has survived - not only (five) centuries, but also the leap into electronic typesetting, remaining essentially unchanged.  It was popularised in the Динамо (Рига) with the release of Letraset sheets.toString() containing Lorem Ipsum passages, and more recently with desktop publishing software like Aldus PageMaker Faclon9 including versions of Lorem Ipsum!
	  It is a long a!=b established fact that a reader will be distracted by the readable content of a page when looking at its layout.  The point of using Ipsum is that it has a more-or-less normal distribution ob.toString(a?b:c), as opposed to using (Content here), content here's, making it look like readable English?
	  It is a established fact that a reader will be of a page when looking at its layout...
	  Bye бандерлоги.
2021-11-08 15:27:47 [main] INFO  by.epam.task4.main.Main -
	Ithassurvived-notonly(five)centuries,butalsotheleapintoelectronictypesetting,remainingessentiallyunchanged.ItwaspopularisedintheДинамо(Рига)withthereleaseofLetrasetsheets.toString()containingLoremIpsumpassages,andmorerecentlywithdesktoppublishingsoftwarelikeAldusPageMakerFaclon9includingversionsofLoremIpsum!
	Itisalonga!=bestablishedfactthatareaderwillbedistractedbythereadablecontentofapagewhenlookingatitslayout.ThepointofusingIpsumisthatithasamore-or-lessnormaldistributionob.toString(a?b:c),asopposedtousing(Contenthere),contenthere's,makingitlooklikereadableEnglish?
	Itisaestablishedfactthatareaderwillbeofapagewhenlookingatitslayout...
	Byeбандерлоги.
2021-11-08 15:28:07 [main] INFO  by.epam.task4.main.Main -
	 It has survived - not only (five) centuries, but also the leap into electronic typesetting, remaining essentially unchanged. It was popularised in the Динамо (Рига) with the release of Letraset sheets.toString() containing Lorem Ipsum passages, and more recently with desktop publishing software like Aldus PageMaker Faclon9 including versions of Lorem Ipsum!
	 It is a long a!=b established fact that a reader will be distracted by the readable content of a page when looking at its layout. The point of using Ipsum is that it has a more-or-less normal distribution ob.toString(a?b:c), as opposed to using (Content here), content here's, making it look like readable English?
	 It is a established fact that a reader will be of a page when looking at its layout...
	 Bye бандерлоги.
2021-11-08 15:32:33 [main] INFO  by.epam.task4.main.Main - 	It has survived - not only (five) centuries, but also the leap into electronic typesetting, remaining essentially unchanged. It was popularised in the Динамо (Рига) with the release of Letraset sheets.toString() containing Lorem Ipsum passages, and more recently with desktop publishing software like Aldus PageMaker Faclon9 including versions of Lorem Ipsum!
	It is a long a!=b established fact that a reader will be distracted by the readable content of a page when looking at its layout. The point of using Ipsum is that it has a more-or-less normal distribution ob.toString(a?b:c), as opposed to using (Content here), content here's, making it look like readable English? 
	It is a established fact that a reader will be of a page when looking at its layout... 
	Bye бандерлоги. 

2021-11-08 15:49:54 [main] INFO  by.epam.task4.main.Main - 	It has survived - not only (five) centuries, but also the leap into electronic typesetting, remaining essentially unchanged. It was popularised in the Динамо (Рига) with the release of Letraset sheets.toString() containing Lorem Ipsum passages, and more recently with desktop publishing software like Aldus PageMaker Faclon9 including versions of Lorem Ipsum! It is a long a!=b established fact that a reader will be distracted by the readable content of a page when looking at its layout. The point of using Ipsum is that it has a more-or-less normal distribution ob.toString(a?b:c), as opposed to using (Content here), content here's, making it look like readable English? It is a established fact that a reader will be of a page when looking at its layout... Bye бандерлоги.

2021-11-08 15:55:14 [main] INFO  by.epam.task4.main.Main - 	It has survived - not only (five) centuries, but also the leap into electronic typesetting, remaining essentially unchanged. It was popularised in the Динамо (Рига) with the release of Letraset sheets.toString() containing Lorem Ipsum passages, and more recently with desktop publishing software like Aldus PageMaker Faclon9 including versions of Lorem Ipsum!
	It is a long a!=b established fact that a reader will be distracted by the readable content of a page when looking at its layout. The point of using Ipsum is that it has a more-or-less normal distribution ob.toString(a?b:c), as opposed to using (Content here), content here's, making it look like readable English? 
	It is a established fact that a reader will be of a page when looking at its layout... 
	Bye бандерлоги. 

2021-11-08 15:55:42 [main] INFO  by.epam.task4.main.Main - 	It has survived - not only (five) centuries, but also the leap into electronic typesetting, remaining essentially unchanged. It was popularised in the Динамо (Рига) with the release of Letraset sheets.toString() containing Lorem Ipsum passages, and more recently with desktop publishing software like Aldus PageMaker Faclon9 including versions of Lorem Ipsum! It is a long a!=b established fact that a reader will be distracted by the readable content of a page when looking at its layout. The point of using Ipsum is that it has a more-or-less normal distribution ob.toString(a?b:c), as opposed to using (Content here), content here's, making it look like readable English? It is a established fact that a reader will be of a page when looking at its layout... Bye бандерлоги.

