2021-11-21 21:35:13 [main] INFO  by.epam.task4.main.Main - Sorting by the number of sentences in the paragraph:
[	It is a established fact that a reader will be of a page when looking at its layout... 
, 	Bye бандерлоги. 
, 	It has survived - not only (five) centuries, but also the leap into electronic typesetting, remaining essentially unchanged. It was popularised in the Динамо (Рига) with the release of Letraset sheets.toString() containing Lorem Ipsum passages, and more recently with desktop publishing software like Aldus PageMaker Faclon9 including versions of Lorem Ipsum! 
, 	It is a long a!=b established fact that a reader will be distracted by the readable content of a page when looking at its layout. The point of using Ipsum is that it has a more-or-less normal distribution ob.toString(a?b:c), as opposed to using (Content here), content here's, making it look like readable English? 
]
2021-11-21 21:35:13 [main] INFO  epam.task4.service.impl.TextServiceImpl - The longest word:
distribution
2021-11-21 21:35:13 [main] INFO  by.epam.task4.main.Main - Sentence with the longest word:
[The point of using Ipsum is that it has a more-or-less normal distribution ob.toString(a?b:c), as opposed to using (Content here), content here's, making it look like readable English? ]
2021-11-21 21:35:13 [main] INFO  by.epam.task4.main.Main - Sentence with the number of words more than 18:
	It was popularised in the Динамо (Рига) with the release of Letraset sheets.toString() containing Lorem Ipsum passages, and more recently with desktop publishing software like Aldus PageMaker Faclon9 including versions of Lorem Ipsum! 
	It is a long a!=b established fact that a reader will be distracted by the readable content of a page when looking at its layout. The point of using Ipsum is that it has a more-or-less normal distribution ob.toString(a?b:c), as opposed to using (Content here), content here's, making it look like readable English? 
	It is a established fact that a reader will be of a page when looking at its layout... 
	

2021-11-21 21:35:13 [main] INFO  by.epam.task4.main.Main - Number of consonants in the text:303
2021-11-21 21:35:13 [main] INFO  by.epam.task4.main.Main - Number of vowels in the text:202
2021-11-21 21:35:13 [main] ERROR by.epam.task4.main.Main - by.epam.task4.exception.CustomException: Incorrect type of text component: PARAGRAPH. TEXT type is expected.
2021-11-21 21:36:18 [main] INFO  by.epam.task4.main.Main - Parsed data:
	It has survived - not only (five) centuries, but also the leap into electronic typesetting, remaining essentially unchanged. It was popularised in the Динамо (Рига) with the release of Letraset sheets.toString() containing Lorem Ipsum passages, and more recently with desktop publishing software like Aldus PageMaker Faclon9 including versions of Lorem Ipsum! 
	It is a long a!=b established fact that a reader will be distracted by the readable content of a page when looking at its layout. The point of using Ipsum is that it has a more-or-less normal distribution ob.toString(a?b:c), as opposed to using (Content here), content here's, making it look like readable English? 
	It is a established fact that a reader will be of a page when looking at its layout... 
	Bye бандерлоги. 

2021-11-21 21:36:18 [main] INFO  by.epam.task4.main.Main - Sorting by the number of sentences in the paragraph:
[	It is a established fact that a reader will be of a page when looking at its layout... 
, 	Bye бандерлоги. 
, 	It has survived - not only (five) centuries, but also the leap into electronic typesetting, remaining essentially unchanged. It was popularised in the Динамо (Рига) with the release of Letraset sheets.toString() containing Lorem Ipsum passages, and more recently with desktop publishing software like Aldus PageMaker Faclon9 including versions of Lorem Ipsum! 
, 	It is a long a!=b established fact that a reader will be distracted by the readable content of a page when looking at its layout. The point of using Ipsum is that it has a more-or-less normal distribution ob.toString(a?b:c), as opposed to using (Content here), content here's, making it look like readable English? 
]
2021-11-21 21:36:18 [main] INFO  epam.task4.service.impl.TextServiceImpl - The longest word:
distribution
2021-11-21 21:36:18 [main] INFO  by.epam.task4.main.Main - Sentence with the longest word:
[The point of using Ipsum is that it has a more-or-less normal distribution ob.toString(a?b:c), as opposed to using (Content here), content here's, making it look like readable English? ]
2021-11-21 21:36:18 [main] INFO  by.epam.task4.main.Main - Sentence with the number of words more than 19:
	It was popularised in the Динамо (Рига) with the release of Letraset sheets.toString() containing Lorem Ipsum passages, and more recently with desktop publishing software like Aldus PageMaker Faclon9 including versions of Lorem Ipsum! 
	It is a long a!=b established fact that a reader will be distracted by the readable content of a page when looking at its layout. The point of using Ipsum is that it has a more-or-less normal distribution ob.toString(a?b:c), as opposed to using (Content here), content here's, making it look like readable English? 
	
	

2021-11-21 21:36:18 [main] INFO  by.epam.task4.main.Main - Number of consonants in the text:266
2021-11-21 21:36:18 [main] INFO  by.epam.task4.main.Main - Number of vowels in the text:173
2021-11-21 21:36:18 [main] ERROR by.epam.task4.main.Main - by.epam.task4.exception.CustomException: Incorrect type of text component: PARAGRAPH. TEXT type is expected.
2021-11-21 21:37:09 [main] INFO  by.epam.task4.main.Main - Parsed data:
	It has survived - not only (five) centuries, but also the leap into electronic typesetting, remaining essentially unchanged. It was popularised in the Динамо (Рига) with the release of Letraset sheets.toString() containing Lorem Ipsum passages, and more recently with desktop publishing software like Aldus PageMaker Faclon9 including versions of Lorem Ipsum! 
	It is a long a!=b established fact that a reader will be distracted by the readable content of a page when looking at its layout. The point of using Ipsum is that it has a more-or-less normal distribution ob.toString(a?b:c), as opposed to using (Content here), content here's, making it look like readable English? 
	It is a established fact that a reader will be of a page when looking at its layout... 
	Bye бандерлоги. 

2021-11-21 21:37:09 [main] INFO  by.epam.task4.main.Main - Sorting by the number of sentences in the paragraph:
[	It is a established fact that a reader will be of a page when looking at its layout... 
, 	Bye бандерлоги. 
, 	It has survived - not only (five) centuries, but also the leap into electronic typesetting, remaining essentially unchanged. It was popularised in the Динамо (Рига) with the release of Letraset sheets.toString() containing Lorem Ipsum passages, and more recently with desktop publishing software like Aldus PageMaker Faclon9 including versions of Lorem Ipsum! 
, 	It is a long a!=b established fact that a reader will be distracted by the readable content of a page when looking at its layout. The point of using Ipsum is that it has a more-or-less normal distribution ob.toString(a?b:c), as opposed to using (Content here), content here's, making it look like readable English? 
]
2021-11-21 21:37:09 [main] INFO  epam.task4.service.impl.TextServiceImpl - The longest word:
distribution
2021-11-21 21:37:09 [main] INFO  by.epam.task4.main.Main - Sentence with the longest word:
[The point of using Ipsum is that it has a more-or-less normal distribution ob.toString(a?b:c), as opposed to using (Content here), content here's, making it look like readable English? ]
2021-11-21 21:37:09 [main] INFO  by.epam.task4.main.Main - Sentence with the number of words more than 19:
	It was popularised in the Динамо (Рига) with the release of Letraset sheets.toString() containing Lorem Ipsum passages, and more recently with desktop publishing software like Aldus PageMaker Faclon9 including versions of Lorem Ipsum! 
	It is a long a!=b established fact that a reader will be distracted by the readable content of a page when looking at its layout. The point of using Ipsum is that it has a more-or-less normal distribution ob.toString(a?b:c), as opposed to using (Content here), content here's, making it look like readable English? 
	
	

2021-11-21 21:37:09 [main] INFO  by.epam.task4.main.Main - Number of consonants in the text:369
2021-11-21 21:37:09 [main] INFO  by.epam.task4.main.Main - Number of vowels in the text:250
2021-11-21 21:37:09 [main] ERROR by.epam.task4.main.Main - by.epam.task4.exception.CustomException: Incorrect type of text component: PARAGRAPH. TEXT type is expected.
2021-11-21 22:09:11 [main] INFO  by.epam.task4.main.Main - Parsed data:
	It has survived - not only (five) centuries, but also the leap into electronic typesetting, remaining essentially unchanged. It was popularised in the Динамо (Рига) with the release of Letraset sheets.toString() containing Lorem Ipsum passages, and more recently with desktop publishing software like Aldus PageMaker Faclon9 including versions of Lorem Ipsum! 
	It is a long a!=b established fact that a reader will be distracted by the readable content of a page when looking at its layout. The point of using Ipsum is that it has a more-or-less normal distribution ob.toString(a?b:c), as opposed to using (Content here), content here's, making it look like readable English? 
	It is a established fact that a reader will be of a page when looking at its layout... 
	Bye бандерлоги. 

2021-11-21 22:09:11 [main] INFO  by.epam.task4.main.Main - Sorting by the number of sentences in the paragraph:
[	It is a established fact that a reader will be of a page when looking at its layout... 
, 	Bye бандерлоги. 
, 	It has survived - not only (five) centuries, but also the leap into electronic typesetting, remaining essentially unchanged. It was popularised in the Динамо (Рига) with the release of Letraset sheets.toString() containing Lorem Ipsum passages, and more recently with desktop publishing software like Aldus PageMaker Faclon9 including versions of Lorem Ipsum! 
, 	It is a long a!=b established fact that a reader will be distracted by the readable content of a page when looking at its layout. The point of using Ipsum is that it has a more-or-less normal distribution ob.toString(a?b:c), as opposed to using (Content here), content here's, making it look like readable English? 
]
