2021-11-16 03:35:49 [main] INFO  by.epam.task4.main.Main - Number of consonants in the text:369
2021-11-16 03:35:49 [main] INFO  by.epam.task4.main.Main - Number of vowels in the text:250
2021-11-16 03:35:49 [main] ERROR by.epam.task4.main.Main - by.epam.task4.exception.CustomException: Incorrect type null of text component. TEXT type is expected.
2021-11-16 03:37:47 [main] INFO  by.epam.task4.main.Main - Parsed data:
	It has survived - not only (five) centuries, but also the leap into electronic typesetting, remaining essentially unchanged. It was popularised in the Динамо (Рига) with the release of Letraset sheets.toString() containing Lorem Ipsum passages, and more recently with desktop publishing software like Aldus PageMaker Faclon9 including versions of Lorem Ipsum! 
	It is a long a!=b established fact that a reader will be distracted by the readable content of a page when looking at its layout. The point of using Ipsum is that it has a more-or-less normal distribution ob.toString(a?b:c), as opposed to using (Content here), content here's, making it look like readable English? 
	It is a established fact that a reader will be of a page when looking at its layout... 
	Bye бандерлоги. 

2021-11-16 03:37:47 [main] INFO  by.epam.task4.main.Main - Sorting by the number of sentences in the paragraph:
[	It is a established fact that a reader will be of a page when looking at its layout... 
, 	Bye бандерлоги. 
, 	It has survived - not only (five) centuries, but also the leap into electronic typesetting, remaining essentially unchanged. It was popularised in the Динамо (Рига) with the release of Letraset sheets.toString() containing Lorem Ipsum passages, and more recently with desktop publishing software like Aldus PageMaker Faclon9 including versions of Lorem Ipsum! 
, 	It is a long a!=b established fact that a reader will be distracted by the readable content of a page when looking at its layout. The point of using Ipsum is that it has a more-or-less normal distribution ob.toString(a?b:c), as opposed to using (Content here), content here's, making it look like readable English? 
]
2021-11-16 03:37:47 [main] INFO  epam.task4.service.impl.TextServiceImpl - The longest word:
distribution
2021-11-16 03:37:47 [main] INFO  by.epam.task4.main.Main - Sentence with the longest word:
[The point of using Ipsum is that it has a more-or-less normal distribution ob.toString(a?b:c), as opposed to using (Content here), content here's, making it look like readable English? ]
2021-11-16 03:37:47 [main] INFO  by.epam.task4.main.Main - Sentence with the number of words more than 18:
[It was popularised in the Динамо (Рига) with the release of Letraset sheets.toString() containing Lorem Ipsum passages, and more recently with desktop publishing software like Aldus PageMaker Faclon9 including versions of Lorem Ipsum! , It is a long a!=b established fact that a reader will be distracted by the readable content of a page when looking at its layout. , The point of using Ipsum is that it has a more-or-less normal distribution ob.toString(a?b:c), as opposed to using (Content here), content here's, making it look like readable English? ]
2021-11-16 03:37:47 [main] INFO  by.epam.task4.main.Main - Number of consonants in the text:369
2021-11-16 03:37:47 [main] INFO  by.epam.task4.main.Main - Number of vowels in the text:250
2021-11-16 03:37:47 [main] ERROR by.epam.task4.main.Main - by.epam.task4.exception.CustomException: Null value or incorrect type of text component: . TEXT type is expected.
2021-11-16 03:38:08 [main] INFO  by.epam.task4.main.Main - Parsed data:
	It has survived - not only (five) centuries, but also the leap into electronic typesetting, remaining essentially unchanged. It was popularised in the Динамо (Рига) with the release of Letraset sheets.toString() containing Lorem Ipsum passages, and more recently with desktop publishing software like Aldus PageMaker Faclon9 including versions of Lorem Ipsum! 
	It is a long a!=b established fact that a reader will be distracted by the readable content of a page when looking at its layout. The point of using Ipsum is that it has a more-or-less normal distribution ob.toString(a?b:c), as opposed to using (Content here), content here's, making it look like readable English? 
	It is a established fact that a reader will be of a page when looking at its layout... 
	Bye бандерлоги. 

2021-11-16 03:38:08 [main] INFO  by.epam.task4.main.Main - Sorting by the number of sentences in the paragraph:
[	It is a established fact that a reader will be of a page when looking at its layout... 
, 	Bye бандерлоги. 
, 	It has survived - not only (five) centuries, but also the leap into electronic typesetting, remaining essentially unchanged. It was popularised in the Динамо (Рига) with the release of Letraset sheets.toString() containing Lorem Ipsum passages, and more recently with desktop publishing software like Aldus PageMaker Faclon9 including versions of Lorem Ipsum! 
, 	It is a long a!=b established fact that a reader will be distracted by the readable content of a page when looking at its layout. The point of using Ipsum is that it has a more-or-less normal distribution ob.toString(a?b:c), as opposed to using (Content here), content here's, making it look like readable English? 
]
2021-11-16 03:38:08 [main] INFO  epam.task4.service.impl.TextServiceImpl - The longest word:
distribution
2021-11-16 03:38:08 [main] INFO  by.epam.task4.main.Main - Sentence with the longest word:
[The point of using Ipsum is that it has a more-or-less normal distribution ob.toString(a?b:c), as opposed to using (Content here), content here's, making it look like readable English? ]
2021-11-16 03:38:08 [main] INFO  by.epam.task4.main.Main - Sentence with the number of words more than 18:
[It was popularised in the Динамо (Рига) with the release of Letraset sheets.toString() containing Lorem Ipsum passages, and more recently with desktop publishing software like Aldus PageMaker Faclon9 including versions of Lorem Ipsum! , It is a long a!=b established fact that a reader will be distracted by the readable content of a page when looking at its layout. , The point of using Ipsum is that it has a more-or-less normal distribution ob.toString(a?b:c), as opposed to using (Content here), content here's, making it look like readable English? ]
2021-11-16 03:38:08 [main] INFO  by.epam.task4.main.Main - Number of consonants in the text:369
2021-11-16 03:38:08 [main] INFO  by.epam.task4.main.Main - Number of vowels in the text:250
2021-11-16 03:38:08 [main] ERROR by.epam.task4.main.Main - by.epam.task4.exception.CustomException: Null value or incorrect type of text component: 	
. TEXT type is expected.
2021-11-16 03:38:48 [main] INFO  by.epam.task4.main.Main - Parsed data:
	It has survived - not only (five) centuries, but also the leap into electronic typesetting, remaining essentially unchanged. It was popularised in the Динамо (Рига) with the release of Letraset sheets.toString() containing Lorem Ipsum passages, and more recently with desktop publishing software like Aldus PageMaker Faclon9 including versions of Lorem Ipsum! 
	It is a long a!=b established fact that a reader will be distracted by the readable content of a page when looking at its layout. The point of using Ipsum is that it has a more-or-less normal distribution ob.toString(a?b:c), as opposed to using (Content here), content here's, making it look like readable English? 
	It is a established fact that a reader will be of a page when looking at its layout... 
	Bye бандерлоги. 

2021-11-16 03:38:48 [main] INFO  by.epam.task4.main.Main - Sorting by the number of sentences in the paragraph:
[	It is a established fact that a reader will be of a page when looking at its layout... 
, 	Bye бандерлоги. 
, 	It has survived - not only (five) centuries, but also the leap into electronic typesetting, remaining essentially unchanged. It was popularised in the Динамо (Рига) with the release of Letraset sheets.toString() containing Lorem Ipsum passages, and more recently with desktop publishing software like Aldus PageMaker Faclon9 including versions of Lorem Ipsum! 
, 	It is a long a!=b established fact that a reader will be distracted by the readable content of a page when looking at its layout. The point of using Ipsum is that it has a more-or-less normal distribution ob.toString(a?b:c), as opposed to using (Content here), content here's, making it look like readable English? 
]
2021-11-16 03:38:48 [main] INFO  epam.task4.service.impl.TextServiceImpl - The longest word:
distribution
2021-11-16 03:38:48 [main] INFO  by.epam.task4.main.Main - Sentence with the longest word:
[The point of using Ipsum is that it has a more-or-less normal distribution ob.toString(a?b:c), as opposed to using (Content here), content here's, making it look like readable English? ]
2021-11-16 03:38:48 [main] INFO  by.epam.task4.main.Main - Sentence with the number of words more than 18:
[It was popularised in the Динамо (Рига) with the release of Letraset sheets.toString() containing Lorem Ipsum passages, and more recently with desktop publishing software like Aldus PageMaker Faclon9 including versions of Lorem Ipsum! , It is a long a!=b established fact that a reader will be distracted by the readable content of a page when looking at its layout. , The point of using Ipsum is that it has a more-or-less normal distribution ob.toString(a?b:c), as opposed to using (Content here), content here's, making it look like readable English? ]
2021-11-16 03:38:48 [main] INFO  by.epam.task4.main.Main - Number of consonants in the text:369
2021-11-16 03:38:48 [main] INFO  by.epam.task4.main.Main - Number of vowels in the text:250
2021-11-16 03:38:48 [main] ERROR by.epam.task4.main.Main - by.epam.task4.exception.CustomException: Null value or incorrect type of text component: PARAGRAPH. TEXT type is expected.
2021-11-17 23:08:33 [main] INFO  by.epam.task4.main.Main - Parsed data:
PARAGRAPH	SENTENCELEXEMEWORDLETTERILETTERt LEXEMEWORDLETTERhLETTERaLETTERs LEXEMEWORDLETTERsLETTERuLETTERrLETTERvLETTERiLETTERvLETTEReLETTERd LEXEMEPUNCTUATION- LEXEMEWORDLETTERnLETTERoLETTERt LEXEMEWORDLETTERoLETTERnLETTERlLETTERy LEXEMEPUNCTUATION(WORDLETTERfLETTERiLETTERvLETTERePUNCTUATION) LEXEMEWORDLETTERcLETTEReLETTERnLETTERtLETTERuLETTERrLETTERiLETTEReLETTERsPUNCTUATION, LEXEMEWORDLETTERbLETTERuLETTERt LEXEMEWORDLETTERaLETTERlLETTERsLETTERo LEXEMEWORDLETTERtLETTERhLETTERe LEXEMEWORDLETTERlLETTEReLETTERaLETTERp LEXEMEWORDLETTERiLETTERnLETTERtLETTERo LEXEMEWORDLETTEReLETTERlLETTEReLETTERcLETTERtLETTERrLETTERoLETTERnLETTERiLETTERc LEXEMEWORDLETTERtLETTERyLETTERpLETTEReLETTERsLETTEReLETTERtLETTERtLETTERiLETTERnLETTERgPUNCTUATION, LEXEMEWORDLETTERrLETTEReLETTERmLETTERaLETTERiLETTERnLETTERiLETTERnLETTERg LEXEMEWORDLETTEReLETTERsLETTERsLETTEReLETTERnLETTERtLETTERiLETTERaLETTERlLETTERlLETTERy LEXEMEWORDLETTERuLETTERnLETTERcLETTERhLETTERaLETTERnLETTERgLETTEReLETTERdPUNCTUATION. SENTENCELEXEMEWORDLETTERILETTERt LEXEMEWORDLETTERwLETTERaLETTERs LEXEMEWORDLETTERpLETTERoLETTERpLETTERuLETTERlLETTERaLETTERrLETTERiLETTERsLETTEReLETTERd LEXEMEWORDLETTERiLETTERn LEXEMEWORDLETTERtLETTERhLETTERe LEXEMEWORDLETTERДLETTERиLETTERнLETTERаLETTERмLETTERо LEXEMEPUNCTUATION(WORDLETTERРLETTERиLETTERгLETTERаPUNCTUATION) LEXEMEWORDLETTERwLETTERiLETTERtLETTERh LEXEMEWORDLETTERtLETTERhLETTERe LEXEMEWORDLETTERrLETTEReLETTERlLETTEReLETTERaLETTERsLETTERe LEXEMEWORDLETTERoLETTERf LEXEMEWORDLETTERLLETTEReLETTERtLETTERrLETTERaLETTERsLETTEReLETTERt LEXEMEWORDLETTERsLETTERhLETTEReLETTEReLETTERtLETTERsPUNCTUATION.WORDLETTERtLETTERoLETTERSLETTERtLETTERrLETTERiLETTERnLETTERgPUNCTUATION(PUNCTUATION) LEXEMEWORDLETTERcLETTERoLETTERnLETTERtLETTERaLETTERiLETTERnLETTERiLETTERnLETTERg LEXEMEWORDLETTERLLETTERoLETTERrLETTEReLETTERm LEXEMEWORDLETTERILETTERpLETTERsLETTERuLETTERm LEXEMEWORDLETTERpLETTERaLETTERsLETTERsLETTERaLETTERgLETTEReLETTERsPUNCTUATION, LEXEMEWORDLETTERaLETTERnLETTERd LEXEMEWORDLETTERmLETTERoLETTERrLETTERe LEXEMEWORDLETTERrLETTEReLETTERcLETTEReLETTERnLETTERtLETTERlLETTERy LEXEMEWORDLETTERwLETTERiLETTERtLETTERh LEXEMEWORDLETTERdLETTEReLETTERsLETTERkLETTERtLETTERoLETTERp LEXEMEWORDLETTERpLETTERuLETTERbLETTERlLETTERiLETTERsLETTERhLETTERiLETTERnLETTERg LEXEMEWORDLETTERsLETTERoLETTERfLETTERtLETTERwLETTERaLETTERrLETTERe LEXEMEWORDLETTERlLETTERiLETTERkLETTERe LEXEMEWORDLETTERALETTERlLETTERdLETTERuLETTERs LEXEMEWORDLETTERPLETTERaLETTERgLETTEReLETTERMLETTERaLETTERkLETTEReLETTERr LEXEMEWORDLETTERFLETTERaLETTERcLETTERlLETTERoLETTERnLETTER9 LEXEMEWORDLETTERiLETTERnLETTERcLETTERlLETTERuLETTERdLETTERiLETTERnLETTERg LEXEMEWORDLETTERvLETTEReLETTERrLETTERsLETTERiLETTERoLETTERnLETTERs LEXEMEWORDLETTERoLETTERf LEXEMEWORDLETTERLLETTERoLETTERrLETTEReLETTERm LEXEMEWORDLETTERILETTERpLETTERsLETTERuLETTERmPUNCTUATION! 
PARAGRAPH	SENTENCELEXEMEWORDLETTERILETTERt LEXEMEWORDLETTERiLETTERs LEXEMEWORDLETTERa LEXEMEWORDLETTERlLETTERoLETTERnLETTERg LEXEMEWORDLETTERaPUNCTUATION!PUNCTUATION=WORDLETTERb LEXEMEWORDLETTEReLETTERsLETTERtLETTERaLETTERbLETTERlLETTERiLETTERsLETTERhLETTEReLETTERd LEXEMEWORDLETTERfLETTERaLETTERcLETTERt LEXEMEWORDLETTERtLETTERhLETTERaLETTERt LEXEMEWORDLETTERa LEXEMEWORDLETTERrLETTEReLETTERaLETTERdLETTEReLETTERr LEXEMEWORDLETTERwLETTERiLETTERlLETTERl LEXEMEWORDLETTERbLETTERe LEXEMEWORDLETTERdLETTERiLETTERsLETTERtLETTERrLETTERaLETTERcLETTERtLETTEReLETTERd LEXEMEWORDLETTERbLETTERy LEXEMEWORDLETTERtLETTERhLETTERe LEXEMEWORDLETTERrLETTEReLETTERaLETTERdLETTERaLETTERbLETTERlLETTERe LEXEMEWORDLETTERcLETTERoLETTERnLETTERtLETTEReLETTERnLETTERt LEXEMEWORDLETTERoLETTERf LEXEMEWORDLETTERa LEXEMEWORDLETTERpLETTERaLETTERgLETTERe LEXEMEWORDLETTERwLETTERhLETTEReLETTERn LEXEMEWORDLETTERlLETTERoLETTERoLETTERkLETTERiLETTERnLETTERg LEXEMEWORDLETTERaLETTERt LEXEMEWORDLETTERiLETTERtLETTERs LEXEMEWORDLETTERlLETTERaLETTERyLETTERoLETTERuLETTERtPUNCTUATION. SENTENCELEXEMEWORDLETTERTLETTERhLETTERe LEXEMEWORDLETTERpLETTERoLETTERiLETTERnLETTERt LEXEMEWORDLETTERoLETTERf LEXEMEWORDLETTERuLETTERsLETTERiLETTERnLETTERg LEXEMEWORDLETTERILETTERpLETTERsLETTERuLETTERm LEXEMEWORDLETTERiLETTERs LEXEMEWORDLETTERtLETTERhLETTERaLETTERt LEXEMEWORDLETTERiLETTERt LEXEMEWORDLETTERhLETTERaLETTERs LEXEMEWORDLETTERa LEXEMEWORDLETTERmLETTERoLETTERrLETTERePUNCTUATION-WORDLETTERoLETTERrPUNCTUATION-WORDLETTERlLETTEReLETTERsLETTERs LEXEMEWORDLETTERnLETTERoLETTERrLETTERmLETTERaLETTERl LEXEMEWORDLETTERdLETTERiLETTERsLETTERtLETTERrLETTERiLETTERbLETTERuLETTERtLETTERiLETTERoLETTERn LEXEMEWORDLETTERoLETTERbPUNCTUATION.WORDLETTERtLETTERoLETTERSLETTERtLETTERrLETTERiLETTERnLETTERgPUNCTUATION(WORDLETTERaPUNCTUATION?WORDLETTERbPUNCTUATION:WORDLETTERcPUNCTUATION)PUNCTUATION, LEXEMEWORDLETTERaLETTERs LEXEMEWORDLETTERoLETTERpLETTERpLETTERoLETTERsLETTEReLETTERd LEXEMEWORDLETTERtLETTERo LEXEMEWORDLETTERuLETTERsLETTERiLETTERnLETTERg LEXEMEPUNCTUATION(WORDLETTERCLETTERoLETTERnLETTERtLETTEReLETTERnLETTERt LEXEMEWORDLETTERhLETTEReLETTERrLETTERePUNCTUATION)PUNCTUATION, LEXEMEWORDLETTERcLETTERoLETTERnLETTERtLETTEReLETTERnLETTERt LEXEMEWORDLETTERhLETTEReLETTERrLETTERePUNCTUATION'WORDLETTERsPUNCTUATION, LEXEMEWORDLETTERmLETTERaLETTERkLETTERiLETTERnLETTERg LEXEMEWORDLETTERiLETTERt LEXEMEWORDLETTERlLETTERoLETTERoLETTERk LEXEMEWORDLETTERlLETTERiLETTERkLETTERe LEXEMEWORDLETTERrLETTEReLETTERaLETTERdLETTERaLETTERbLETTERlLETTERe LEXEMEWORDLETTERELETTERnLETTERgLETTERlLETTERiLETTERsLETTERhPUNCTUATION? 
PARAGRAPH	SENTENCELEXEMEWORDLETTERILETTERt LEXEMEWORDLETTERiLETTERs LEXEMEWORDLETTERa LEXEMEWORDLETTEReLETTERsLETTERtLETTERaLETTERbLETTERlLETTERiLETTERsLETTERhLETTEReLETTERd LEXEMEWORDLETTERfLETTERaLETTERcLETTERt LEXEMEWORDLETTERtLETTERhLETTERaLETTERt LEXEMEWORDLETTERa LEXEMEWORDLETTERrLETTEReLETTERaLETTERdLETTEReLETTERr LEXEMEWORDLETTERwLETTERiLETTERlLETTERl LEXEMEWORDLETTERbLETTERe LEXEMEWORDLETTERoLETTERf LEXEMEWORDLETTERa LEXEMEWORDLETTERpLETTERaLETTERgLETTERe LEXEMEWORDLETTERwLETTERhLETTEReLETTERn LEXEMEWORDLETTERlLETTERoLETTERoLETTERkLETTERiLETTERnLETTERg LEXEMEWORDLETTERaLETTERt LEXEMEWORDLETTERiLETTERtLETTERs LEXEMEWORDLETTERlLETTERaLETTERyLETTERoLETTERuLETTERtPUNCTUATION.PUNCTUATION.PUNCTUATION. 
PARAGRAPH	SENTENCELEXEMEWORDLETTERBLETTERyLETTERe LEXEMEWORDLETTERбLETTERаLETTERнLETTERдLETTERеLETTERрLETTERлLETTERоLETTERгLETTERиPUNCTUATION. 

