2021-11-08 15:56:14 [main] INFO  by.epam.task4.main.Main - 	It has survived - not only (five) centuries, but also the leap into electronic typesetting, remaining essentially unchanged. It was popularised in the Динамо (Рига) with the release of Letraset sheets.toString() containing Lorem Ipsum passages, and more recently with desktop publishing software like Aldus PageMaker Faclon9 including versions of Lorem Ipsum!
	It is a long a!=b established fact that a reader will be distracted by the readable content of a page when looking at its layout. The point of using Ipsum is that it has a more-or-less normal distribution ob.toString(a?b:c), as opposed to using (Content here), content here's, making it look like readable English? 
	It is a established fact that a reader will be of a page when looking at its layout... 
	Bye бандерлоги. 

2021-11-09 00:10:48 [main] INFO  by.epam.task4.main.Main - 	It has survived - not only (five) centuries, but also the leap into electronic typesetting, remaining essentially unchanged. It was popularised in the Динамо (Рига) with the release of Letraset sheets.toString() containing Lorem Ipsum passages, and more recently with desktop publishing software like Aldus PageMaker Faclon9 including versions of Lorem Ipsum! 
	It is a long a!=b established fact that a reader will be distracted by the readable content of a page when looking at its layout. The point of using Ipsum is that it has a more-or-less normal distribution ob.toString(a?b:c), as opposed to using (Content here), content here's, making it look like readable English? 
	It is a established fact that a reader will be of a page when looking at its layout... 
	Bye бандерлоги. 

2021-11-09 01:25:23 [main] INFO  by.epam.task4.main.Main - 	It has survived - not only (five) centuries, but also the leap into electronic typesetting, remaining essentially unchanged. It was popularised in the Динамо (Рига) with the release of Letraset sheets.toString() containing Lorem Ipsum passages, and more recently with desktop publishing software like Aldus PageMaker Faclon9 including versions of Lorem Ipsum! 
	It is a long a!=b established fact that a reader will be distracted by the readable content of a page when looking at its layout. The point of using Ipsum is that it has a more-or-less normal distribution ob.toString(a?b:c), as opposed to using (Content here), content here's, making it look like readable English? 
	It is a established fact that a reader will be of a page when looking at its layout... 
	Bye бандерлоги. 

2021-11-09 01:26:36 [main] INFO  by.epam.task4.main.Main - 	It has survived - not only (five) centuries, but also the leap into electronic typesetting, remaining essentially unchanged. It was popularised in the Динамо (Рига) with the release of Letraset sheets.toString() containing Lorem Ipsum passages, and more recently with desktop publishing software like Aldus PageMaker Faclon9 including versions of Lorem Ipsum! 
	It is a long a!=b established fact that a reader will be distracted by the readable content of a page when looking at its layout. The point of using Ipsum is that it has a more-or-less normal distribution ob.toString(a?b:c), as opposed to using (Content here), content here's, making it look like readable English? 
	It is a established fact that a reader will be of a page when looking at its layout... 
	Bye бандерлоги. 

2021-11-09 01:28:44 [main] INFO  by.epam.task4.main.Main - 	It has survived - not only (five) centuries, but also the leap into electronic typesetting, remaining essentially unchanged. It was popularised in the Динамо (Рига) with the release of Letraset sheets.toString() containing Lorem Ipsum passages, and more recently with desktop publishing software like Aldus PageMaker Faclon9 including versions of Lorem Ipsum! 
	It is a long a!=b established fact that a reader will be distracted by the readable content of a page when looking at its layout. The point of using Ipsum is that it has a more-or-less normal distribution ob.toString(a?b:c), as opposed to using (Content here), content here's, making it look like readable English? 
	It is a established fact that a reader will be of a page when looking at its layout... 
	Bye бандерлоги. 

2021-11-09 01:31:58 [main] INFO  by.epam.task4.main.Main - 	It has survived - not only (five) centuries, but also the leap into electronic typesetting, remaining essentially unchanged. It was popularised in the Динамо (Рига) with the release of Letraset sheets.toString() containing Lorem Ipsum passages, and more recently with desktop publishing software like Aldus PageMaker Faclon9 including versions of Lorem Ipsum! 
	It is a long a!=b established fact that a reader will be distracted by the readable content of a page when looking at its layout. The point of using Ipsum is that it has a more-or-less normal distribution ob.toString(a?b:c), as opposed to using (Content here), content here's, making it look like readable English? 
	It is a established fact that a reader will be of a page when looking at its layout... 
	Bye бандерлоги. 

2021-11-09 01:33:13 [main] INFO  by.epam.task4.main.Main - 	It has survived - not only (five) centuries, but also the leap into electronic typesetting, remaining essentially unchanged. It was popularised in the Динамо (Рига) with the release of Letraset sheets.toString() containing Lorem Ipsum passages, and more recently with desktop publishing software like Aldus PageMaker Faclon9 including versions of Lorem Ipsum! 
	It is a long a!=b established fact that a reader will be distracted by the readable content of a page when looking at its layout. The point of using Ipsum is that it has a more-or-less normal distribution ob.toString(a?b:c), as opposed to using (Content here), content here's, making it look like readable English? 
	It is a established fact that a reader will be of a page when looking at its layout... 
	Bye бандерлоги. 

2021-11-09 01:33:13 [main] INFO  by.epam.task4.main.Main - [	It is a established fact that a reader will be of a page when looking at its layout... 
, 	Bye бандерлоги. 
, 	It has survived - not only (five) centuries, but also the leap into electronic typesetting, remaining essentially unchanged. It was popularised in the Динамо (Рига) with the release of Letraset sheets.toString() containing Lorem Ipsum passages, and more recently with desktop publishing software like Aldus PageMaker Faclon9 including versions of Lorem Ipsum! 
, 	It is a long a!=b established fact that a reader will be distracted by the readable content of a page when looking at its layout. The point of using Ipsum is that it has a more-or-less normal distribution ob.toString(a?b:c), as opposed to using (Content here), content here's, making it look like readable English? 
]
2021-11-09 01:33:13 [main] INFO  epam.task4.service.impl.TextServiceImpl - 
 Longest word:distribution
2021-11-09 01:33:13 [main] INFO  by.epam.task4.main.Main - The point of using Ipsum is that it has a more-or-less normal distribution ob.toString(a?b:c), as opposed to using (Content here), content here's, making it look like readable English? 
2021-11-09 01:34:59 [main] INFO  by.epam.task4.main.Main - 	It has survived - not only (five) centuries, but also the leap into electronic typesetting, remaining essentially unchanged. It was popularised in the Динамо (Рига) with the release of Letraset sheets.toString() containing Lorem Ipsum passages, and more recently with desktop publishing software like Aldus PageMaker Faclon9 including versions of Lorem Ipsum! 
	It is a long a!=b established fact that a reader will be distracted by the readable content of a page when looking at its layout. The point of using Ipsum is that it has a more-or-less normal distribution ob.toString(a?b:c), as opposed to using (Content here), content here's, making it look like readable English? 
	It is a established fact that a reader will be of a page when looking at its layout... 
	Bye бандерлоги. 

2021-11-09 01:34:59 [main] INFO  by.epam.task4.main.Main - Sorting by the number of words int the sentence:
[	It is a established fact that a reader will be of a page when looking at its layout... 
, 	Bye бандерлоги. 
, 	It has survived - not only (five) centuries, but also the leap into electronic typesetting, remaining essentially unchanged. It was popularised in the Динамо (Рига) with the release of Letraset sheets.toString() containing Lorem Ipsum passages, and more recently with desktop publishing software like Aldus PageMaker Faclon9 including versions of Lorem Ipsum! 
, 	It is a long a!=b established fact that a reader will be distracted by the readable content of a page when looking at its layout. The point of using Ipsum is that it has a more-or-less normal distribution ob.toString(a?b:c), as opposed to using (Content here), content here's, making it look like readable English? 
]
2021-11-09 01:34:59 [main] INFO  epam.task4.service.impl.TextServiceImpl - 
 Longest word:distribution
2021-11-09 01:34:59 [main] INFO  by.epam.task4.main.Main - Sentence with the longest word:
The point of using Ipsum is that it has a more-or-less normal distribution ob.toString(a?b:c), as opposed to using (Content here), content here's, making it look like readable English? 
2021-11-09 01:36:13 [main] INFO  by.epam.task4.main.Main - 	It has survived - not only (five) centuries, but also the leap into electronic typesetting, remaining essentially unchanged. It was popularised in the Динамо (Рига) with the release of Letraset sheets.toString() containing Lorem Ipsum passages, and more recently with desktop publishing software like Aldus PageMaker Faclon9 including versions of Lorem Ipsum! 
	It is a long a!=b established fact that a reader will be distracted by the readable content of a page when looking at its layout. The point of using Ipsum is that it has a more-or-less normal distribution ob.toString(a?b:c), as opposed to using (Content here), content here's, making it look like readable English? 
	It is a established fact that a reader will be of a page when looking at its layout... 
	Bye бандерлоги. 

