2021-11-08 02:26:15 [main] ERROR by.epam.task4.reader.impl.DataReaderImpl - File data/data.txt does not exist or is not available.
2021-11-08 02:26:15 [main] INFO  by.epam.task4.reader.impl.DataReaderImpl - Start reading
2021-11-08 02:26:15 [main] ERROR by.epam.task4.reader.impl.DataReaderImpl - IO Exception during working with file data/data.txt
2021-11-08 02:26:15 [main] INFO  by.epam.task4.reader.impl.DataReaderImpl - Finish reading
2021-11-08 02:32:22 [main] ERROR by.epam.task4.reader.impl.DataReaderImpl - File data/data.txt does not exist or is not available.
2021-11-08 02:32:22 [main] INFO  by.epam.task4.reader.impl.DataReaderImpl - Start reading
2021-11-08 02:32:22 [main] ERROR by.epam.task4.reader.impl.DataReaderImpl - IO Exception during working with file data/data.txt
2021-11-08 02:32:22 [main] INFO  by.epam.task4.reader.impl.DataReaderImpl - Finish reading
2021-11-08 02:33:51 [main] INFO  by.epam.task4.reader.impl.DataReaderImpl - Start reading
2021-11-08 02:40:43 [main] INFO  by.epam.task4.reader.impl.DataReaderImpl - Start reading
2021-11-08 02:40:43 [main] INFO  by.epam.task4.reader.impl.DataReaderImpl - Finish reading
2021-11-08 02:43:49 [main] INFO  by.epam.task4.reader.impl.DataReaderImpl - Start reading
2021-11-08 02:43:49 [main] INFO  by.epam.task4.reader.impl.DataReaderImpl - Finish reading
2021-11-08 02:45:28 [main] INFO  by.epam.task4.reader.impl.DataReaderImpl - Start reading
2021-11-08 02:45:28 [main] INFO  by.epam.task4.reader.impl.DataReaderImpl - Finish reading
2021-11-08 02:45:28 [main] INFO  by.epam.task4.main.Main - 	I t(?|.|...|!) h a s(?|.|...|!) s u r v i v e d(?|.|...|!) -(?|.|...|!) n o t(?|.|...|!) o n l y(?|.|...|!) ( f i v e )(?|.|...|!) c e n t u r i e s ,(?|.|...|!) b u t(?|.|...|!) a l s o(?|.|...|!) t h e(?|.|...|!) l e a p(?|.|...|!) i n t o(?|.|...|!) e l e c t r o n i c(?|.|...|!) t y p e s e t t i n g ,(?|.|...|!) r e m a i n i n g(?|.|...|!) e s s e n t i a l l y(?|.|...|!) u n c h a n g e d .
|		I t(?|.|...|!) i s(?|.|...|!) a(?|.|...|!) l o n g(?|.|...|!) a ! = b(?|.|...|!) e s t a b l i s h e d(?|.|...|!) f a c t(?|.|...|!) t h a t(?|.|...|!) a(?|.|...|!) r e a d e r(?|.|...|!) w i l l(?|.|...|!) b e(?|.|...|!) d i s t r a c t e d(?|.|...|!) b y(?|.|...|!) t h e(?|.|...|!) r e a d a b l e(?|.|...|!) c o n t e n t(?|.|...|!) o f(?|.|...|!) a(?|.|...|!) p a g e(?|.|...|!) w h e n(?|.|...|!) l o o k i n g(?|.|...|!) a t(?|.|...|!) i t s(?|.|...|!) l a y o u t .
|			
2021-11-08 02:47:19 [main] INFO  by.epam.task4.reader.impl.DataReaderImpl - Start reading
2021-11-08 02:47:19 [main] INFO  by.epam.task4.reader.impl.DataReaderImpl - Finish reading
2021-11-08 02:47:19 [main] INFO  by.epam.task4.main.Main - 	I t h a s s u r v i v e d - n o t o n l y ( f i v e ) c e n t u r i e s , b u t a l s o t h e l e a p i n t o e l e c t r o n i c t y p e s e t t i n g , r e m a i n i n g e s s e n t i a l l y u n c h a n g e d .
|		I t i s a l o n g a ! = b e s t a b l i s h e d f a c t t h a t a r e a d e r w i l l b e d i s t r a c t e d b y t h e r e a d a b l e c o n t e n t o f a p a g e w h e n l o o k i n g a t i t s l a y o u t .
|			
2021-11-08 02:48:43 [main] INFO  by.epam.task4.reader.impl.DataReaderImpl - Start reading
2021-11-08 02:48:43 [main] INFO  by.epam.task4.reader.impl.DataReaderImpl - Finish reading
2021-11-08 02:48:43 [main] INFO  by.epam.task4.main.Main - 	 I t  h a s  s u r v i v e d -  n o t  o n l y (  f i v e )  c e n t u r i e s ,  b u t  a l s o  t h e  l e a p  i n t o  e l e c t r o n i c  t y p e s e t t i n g ,  r e m a i n i n g  e s s e n t i a l l y  u n c h a n g e d .
|		 I t  i s  a  l o n g  a ! =  b  e s t a b l i s h e d  f a c t  t h a t  a  r e a d e r  w i l l  b e  d i s t r a c t e d  b y  t h e  r e a d a b l e  c o n t e n t  o f  a  p a g e  w h e n  l o o k i n g  a t  i t s  l a y o u t .
|			
2021-11-08 02:49:21 [main] INFO  by.epam.task4.reader.impl.DataReaderImpl - Start reading
2021-11-08 02:49:21 [main] INFO  by.epam.task4.reader.impl.DataReaderImpl - Finish reading
2021-11-08 02:49:21 [main] INFO  by.epam.task4.main.Main - 	It has survived - not only ( five ) centuries , but also the leap into electronic typesetting , remaining essentially unchanged .
|		It is a long a ! = b established fact that a reader will be distracted by the readable content of a page when looking at its layout .
|			
2021-11-08 02:51:18 [main] INFO  by.epam.task4.reader.impl.DataReaderImpl - Start reading
2021-11-08 02:51:18 [main] INFO  by.epam.task4.reader.impl.DataReaderImpl - Finish reading
2021-11-08 02:51:18 [main] INFO  by.epam.task4.main.Main - 	It has survived - not only ( five ) centuries , but also the leap into electronic typesetting , remaining essentially unchanged .
|		It is a long a ! = b established fact that a reader will be distracted by the readable content of a page when looking at its layout .
|			
2021-11-08 02:52:04 [main] INFO  by.epam.task4.reader.impl.DataReaderImpl - Start reading
2021-11-08 02:52:04 [main] INFO  by.epam.task4.reader.impl.DataReaderImpl - Finish reading
2021-11-08 02:52:04 [main] INFO  by.epam.task4.main.Main - 	 It  has  survived  -  not  only  (five)  centuries,  but  also  the  leap  into  electronic  typesetting,  remaining  essentially  unchanged.
|	 	 It  is  a  long  a!=b  established  fact  that  a  reader  will  be  distracted  by  the  readable  content  of  a  page  when  looking  at  its  layout.
|	 	 	 
2021-11-08 02:57:41 [main] INFO  by.epam.task4.reader.impl.DataReaderImpl - Start reading
2021-11-08 02:57:41 [main] INFO  by.epam.task4.reader.impl.DataReaderImpl - Finish reading
2021-11-08 02:59:05 [main] INFO  by.epam.task4.reader.impl.DataReaderImpl - Start reading
2021-11-08 02:59:05 [main] INFO  by.epam.task4.reader.impl.DataReaderImpl - Finish reading
2021-11-08 03:00:49 [main] INFO  by.epam.task4.reader.impl.DataReaderImpl - Start reading
2021-11-08 03:00:49 [main] INFO  by.epam.task4.reader.impl.DataReaderImpl - Finish reading
2021-11-08 03:01:37 [main] INFO  by.epam.task4.reader.impl.DataReaderImpl - Start reading
2021-11-08 03:01:37 [main] INFO  by.epam.task4.reader.impl.DataReaderImpl - Finish reading
2021-11-08 03:02:42 [main] INFO  by.epam.task4.reader.impl.DataReaderImpl - Start reading
2021-11-08 03:02:42 [main] INFO  by.epam.task4.reader.impl.DataReaderImpl - Finish reading
2021-11-08 03:02:42 [main] INFO  by.epam.task4.main.Main - 	 It  has  survived  -  not  only  (five)  centuries,  but  also  the  leap  into  electronic  typesetting,  remaining  essentially  unchanged.
|	 	 It  is  a  long  a!=b  established  fact  that  a  reader  will  be  distracted  by  the  readable  content  of  a  page  when  looking  at  its  layout.
|	 	 	 
2021-11-08 03:03:47 [main] INFO  by.epam.task4.reader.impl.DataReaderImpl - Start reading
2021-11-08 03:03:47 [main] INFO  by.epam.task4.reader.impl.DataReaderImpl - Finish reading
2021-11-08 03:03:47 [main] INFO  by.epam.task4.main.Main - 	 It  has  survived  -  not  only  (five)  centuries,  but  also  the  leap  into  electronic  typesetting,  remaining  essentially  unchanged.
|	 It  was  popularised  in  the  Динамо  (Рига)  with  the  release  of  Letraset  sheets.toString()  containing  Lorem  Ipsum  passages,  and  more  recently  with  desktop  publishing  software  like  Aldus  PageMaker  Faclon  including  versions  of  Lorem  Ipsum!
|	 	 It  is  a  long  a!=b  established  fact  that  a  reader  will  be  distracted  by  the  readable  content  of  a  page  when  looking  at  its  layout.
|	 The  point  of  using  Ipsum  is  that  it  has  a  more-or-less  normal  distribution  ob.toString(a?b:c),  as  opposed  to  using  (Content  here),  content  here's,  making  it  look  like  readable  English?
|	 	 It  is  a  established  fact  that  a  reader  will  be  of  a  page  when  looking  at  its  layout...
|	 	 
2021-11-08 03:04:33 [main] INFO  by.epam.task4.reader.impl.DataReaderImpl - Start reading
2021-11-08 03:04:33 [main] INFO  by.epam.task4.reader.impl.DataReaderImpl - Finish reading
2021-11-08 03:04:33 [main] INFO  by.epam.task4.main.Main - 	 It  has  survived  -  not  only  (five)  centuries,  but  also  the  leap  into  electronic  typesetting,  remaining  essentially  unchanged.
|	 It  was  popularised  in  the  Динамо  (Рига)  with  the  release  of  Letraset  sheets.toString()  containing  Lorem  Ipsum  passages,  and  more  recently  with  desktop  publishing  software  like  Aldus  PageMaker  Faclon  including  versions  of  Lorem  Ipsum!
|	 It  is  a  long  a!=b  established  fact  that  a  reader  will  be  distracted  by  the  readable  content  of  a  page  when  looking  at  its  layout.
|	 The  point  of  using  Ipsum  is  that  it  has  a  more-or-less  normal  distribution  ob.toString(a?b:c),  as  opposed  to  using  (Content  here),  content  here's,  making  it  look  like  readable  English?
|	 It  is  a  established  fact  that  a  reader  will  be  of  a  page  when  looking  at  its  layout...
|	 
2021-11-08 03:05:50 [main] INFO  by.epam.task4.reader.impl.DataReaderImpl - Start reading
2021-11-08 03:05:50 [main] INFO  by.epam.task4.reader.impl.DataReaderImpl - Finish reading
2021-11-08 03:05:51 [main] INFO  by.epam.task4.main.Main - 	 It  has  survived  -  not  only  (five)  centuries,  but  also  the  leap  into  electronic  typesetting,  remaining  essentially  unchanged.
|	 It  was  popularised  in  the  Динамо  (Рига)  with  the  release  of  Letraset  sheets.toString()  containing  Lorem  Ipsum  passages,  and  more  recently  with  desktop  publishing  software  like  Aldus  PageMaker  Faclon  including  versions  of  Lorem  Ipsum!
|	 It  is  a  long  a!=b  established  fact  that  a  reader  will  be  distracted  by  the  readable  content  of  a  page  when  looking  at  its  layout.
|	 The  point  of  using  Ipsum  is  that  it  has  a  more-or-less  normal  distribution  ob.toString(a?b:c),  as  opposed  to  using  (Content  here),  content  here's,  making  it  look  like  readable  English?
|	 It  is  a  established  fact  that  a  reader  will  be  of  a  page  when  looking  at  its  layout...
|	 
2021-11-08 03:06:29 [main] INFO  by.epam.task4.reader.impl.DataReaderImpl - Start reading
2021-11-08 03:06:29 [main] INFO  by.epam.task4.reader.impl.DataReaderImpl - Finish reading
2021-11-08 03:06:29 [main] INFO  by.epam.task4.main.Main - 	 It  has  survived  -  not  only  (five)  centuries,  but  also  the  leap  into  electronic  typesetting,  remaining  essentially  unchanged.
	 It  was  popularised  in  the  Динамо  (Рига)  with  the  release  of  Letraset  sheets.toString()  containing  Lorem  Ipsum  passages,  and  more  recently  with  desktop  publishing  software  like  Aldus  PageMaker  Faclon  including  versions  of  Lorem  Ipsum!
	 It  is  a  long  a!=b  established  fact  that  a  reader  will  be  distracted  by  the  readable  content  of  a  page  when  looking  at  its  layout.
	 The  point  of  using  Ipsum  is  that  it  has  a  more-or-less  normal  distribution  ob.toString(a?b:c),  as  opposed  to  using  (Content  here),  content  here's,  making  it  look  like  readable  English?
	 It  is  a  established  fact  that  a  reader  will  be  of  a  page  when  looking  at  its  layout...
	 
2021-11-08 03:09:11 [main] INFO  by.epam.task4.reader.impl.DataReaderImpl - Start reading
2021-11-08 03:09:11 [main] INFO  by.epam.task4.reader.impl.DataReaderImpl - Finish reading
2021-11-08 03:09:11 [main] INFO  by.epam.task4.main.Main - 	 It  has  survived  -  not  only  (five)  centuries,  but  also  the  leap  into  electronic  typesetting,  remaining  essentially  unchanged.
	 It  was  popularised  in  the  Динамо  (Рига)  with  the  release  of  Letraset  sheets.toString()  containing  Lorem  Ipsum  passages,  and  more  recently  with  desktop  publishing  software  like  Aldus  PageMaker  Faclon  including  versions  of  Lorem  Ipsum!
	 It  is  a  long  a!=b  established  fact  that  a  reader  will  be  distracted  by  the  readable  content  of  a  page  when  looking  at  its  layout.
	 The  point  of  using  Ipsum  is  that  it  has  a  more-or-less  normal  distribution  ob.toString(a?b:c),  as  opposed  to  using  (Content  here),  content  here's,  making  it  look  like  readable  English?
	 It  is  a  established  fact  that  a  reader  will  be  of  a  page  when  looking  at  its  layout...
	 
2021-11-08 03:10:11 [main] INFO  by.epam.task4.reader.impl.DataReaderImpl - Start reading
2021-11-08 03:10:11 [main] INFO  by.epam.task4.reader.impl.DataReaderImpl - Finish reading
2021-11-08 03:10:11 [main] INFO  by.epam.task4.main.Main - 	 Bye  бандерлоги.
2021-11-08 03:10:44 [main] INFO  by.epam.task4.reader.impl.DataReaderImpl - Start reading
2021-11-08 03:10:44 [main] INFO  by.epam.task4.reader.impl.DataReaderImpl - Finish reading
2021-11-08 03:10:44 [main] INFO  by.epam.task4.main.Main -
	 
	 
	 
	 
	 
	 
	 
	 
	 
	 
	 
	 
	 
	 
	 
	 
	 
	 
	 
	 
	 
	 
	 
	 
	 
	 
	 
	 
	 
	 
	 
	 
	 
	 
	 
	 
	 
	 
	 
	 
	 
	 
	 
	 
	 
	 
	 
	 
	 
	 
	 
	 
	 
	 
	 
	 
	 
	 
	 
	 
	 
	 
	 
	 
	 
	 
	 
	 
	 
	 
	 
	 
	 
	 
	 
	 
	 
	 
	 
	 
	 
	 
	 
	 
	 
	 
	 
	 
	 
	 
	 
	 
	 
	 
	 
	 
	 
	 
	 
	 
	 
	 
	 
	 
	 
	 
	 
	 
	 
	 
	 
	 
	 
	 
	 
	 
	 
	 
	 
	 
	 
	 
	 
	 
	 
	 
	 
	 
	 
	 
	 
	 
	 
	 
	 
	 
	 Bye  бандерлоги.
2021-11-08 03:11:05 [main] INFO  by.epam.task4.reader.impl.DataReaderImpl - Start reading
2021-11-08 03:11:05 [main] INFO  by.epam.task4.reader.impl.DataReaderImpl - Finish reading
2021-11-08 03:11:05 [main] INFO  by.epam.task4.main.Main - 	 It  has  survived  -  not  only  (five)  centuries,  but  also  the  leap  into  electronic  typesetting,  remaining  essentially  unchanged.
	 It  was  popularised  in  the  Динамо  (Рига)  with  the  release  of  Letraset  sheets.toString()  containing  Lorem  Ipsum  passages,  and  more  recently  with  desktop  publishing  software  like  Aldus  PageMaker  Faclon  including  versions  of  Lorem  Ipsum!
	 It  is  a  long  a!=b  established  fact  that  a  reader  will  be  distracted  by  the  readable  content  of  a  page  when  looking  at  its  layout.
	 The  point  of  using  Ipsum  is  that  it  has  a  more-or-less  normal  distribution  ob.toString(a?b:c),  as  opposed  to  using  (Content  here),  content  here's,  making  it  look  like  readable  English?
	 It  is  a  established  fact  that  a  reader  will  be  of  a  page  when  looking  at  its  layout...
2021-11-08 03:11:42 [main] INFO  by.epam.task4.reader.impl.DataReaderImpl - Start reading
2021-11-08 03:11:42 [main] INFO  by.epam.task4.reader.impl.DataReaderImpl - Finish reading
2021-11-08 03:11:42 [main] INFO  by.epam.task4.main.Main - 	 It  has  survived  -  not  only  (five)  centuries,  but  also  the  leap  into  electronic  typesetting,  remaining  essentially  unchanged.
	 It  was  popularised  in  the  Динамо  (Рига)  with  the  release  of  Letraset  sheets.toString()  containing  Lorem  Ipsum  passages,  and  more  recently  with  desktop  publishing  software  like  Aldus  PageMaker  Faclon  including  versions  of  Lorem  Ipsum!
	 It  is  a  long  a!=b  established  fact  that  a  reader  will  be  distracted  by  the  readable  content  of  a  page  when  looking  at  its  layout.
	 The  point  of  using  Ipsum  is  that  it  has  a  more-or-less  normal  distribution  ob.toString(a?b:c),  as  opposed  to  using  (Content  here),  content  here's,  making  it  look  like  readable  English?
	 It  is  a  established  fact  that  a  reader  will  be  of  a  page  when  looking  at  its  layout...
	 Bye  бандерлоги.
2021-11-08 03:15:10 [main] INFO  by.epam.task4.reader.impl.DataReaderImpl - Start reading
2021-11-08 03:15:10 [main] INFO  by.epam.task4.reader.impl.DataReaderImpl - Finish reading
2021-11-08 03:15:10 [main] INFO  by.epam.task4.main.Main - 	 It  has  survived  -  not  only  (five)  centuries,  but  also  the  leap  into  electronic  typesetting,  remaining  essentially  unchanged.
	 It  was  popularised  in  the  Динамо  (Рига)  with  the  release  of  Letraset  sheets.toString()  containing  Lorem  Ipsum  passages,  and  more  recently  with  desktop  publishing  software  like  Aldus  PageMaker  Faclon  including  versions  of  Lorem  Ipsum!
	 It  is  a  long  a!=b  established  fact  that  a  reader  will  be  distracted  by  the  readable  content  of  a  page  when  looking  at  its  layout.
	 The  point  of  using  Ipsum  is  that  it  has  a  more-or-less  normal  distribution  ob.toString(a?b:c),  as  opposed  to  using  (Content  here),  content  here's,  making  it  look  like  readable  English?
	 It  is  a  established  fact  that  a  reader  will  be  of  a  page  when  looking  at  its  layout...
	 Bye  бандерлоги.
2021-11-08 03:16:53 [main] INFO  by.epam.task4.reader.impl.DataReaderImpl - Start reading
2021-11-08 03:16:53 [main] INFO  by.epam.task4.reader.impl.DataReaderImpl - Finish reading
2021-11-08 03:16:53 [main] INFO  by.epam.task4.main.Main - 	 It  has  survived  -  not  only  (five)  centuries,  but  also  the  leap  into  electronic  typesetting,  remaining  essentially  unchanged.
	 It  was  popularised  in  the  Динамо  (Рига)  with  the  release  of  Letraset  sheets.toString()  containing  Lorem  Ipsum  passages,  and  more  recently  with  desktop  publishing  software  like  Aldus  PageMaker  Faclon9  including  versions  of  Lorem  Ipsum!
	 It  is  a  long  a!=b  established  fact  that  a  reader  will  be  distracted  by  the  readable  content  of  a  page  when  looking  at  its  layout.
	 The  point  of  using  Ipsum  is  that  it  has  a  more-or-less  normal  distribution  ob.toString(a?b:c),  as  opposed  to  using  (Content  here),  content  here's,  making  it  look  like  readable  English?
	 It  is  a  established  fact  that  a  reader  will  be  of  a  page  when  looking  at  its  layout...
	 Bye  бандерлоги.
2021-11-08 03:17:46 [main] INFO  by.epam.task4.reader.impl.DataReaderImpl - Start reading
2021-11-08 03:17:46 [main] INFO  by.epam.task4.reader.impl.DataReaderImpl - Finish reading
2021-11-08 03:17:46 [main] INFO  by.epam.task4.main.Main - 	 It  has  survived  -  not  only  (five)  centuries,  but  also  the  leap  into  electronic  typesetting,  remaining  essentially  unchanged.
	 It  was  popularised  in  the  “Динамо”  (Рига)  with  the  release  of  Letraset  sheets.toString()  containing  Lorem  Ipsum  passages,  and  more  recently  with  desktop  publishing  software  like  Aldus  PageMaker  Faclon9  including  versions  of  Lorem  Ipsum!
	 It  is  a  long  a!b  established  fact  that  a  reader  will  be  distracted  by  the  readable  content  of  a  page  when  looking  at  its  layout.
	 The  point  of  using  Ipsum  is  that  it  has  a  more-or-less  normal  distribution  ob.toString(a?b:c),  as  opposed  to  using  (Content  here),  content  here's,  making  it  look  like  readable  English?
	 It  is  a  established  fact  that  a  reader  will  be  of  a  page  when  looking  at  its  layout...
	 Bye  бандерлоги.
2021-11-08 03:18:16 [main] INFO  by.epam.task4.reader.impl.DataReaderImpl - Start reading
2021-11-08 03:18:16 [main] INFO  by.epam.task4.reader.impl.DataReaderImpl - Finish reading
2021-11-08 03:18:16 [main] INFO  by.epam.task4.main.Main - 	 It  has  survived  -  not  only  (five)  centuries,  but  also  the  leap  into  electronic  typesetting,  remaining  essentially  unchanged.
	 It  was  popularised  in  the  Динамо  (Рига)  with  the  release  of  Letraset  sheets.toString()  containing  Lorem  Ipsum  passages,  and  more  recently  with  desktop  publishing  software  like  Aldus  PageMaker  Faclon9  including  versions  of  Lorem  Ipsum!
	 It  is  a  long  a!=b  established  fact  that  a  reader  will  be  distracted  by  the  readable  content  of  a  page  when  looking  at  its  layout.
	 The  point  of  using  Ipsum  is  that  it  has  a  more-or-less  normal  distribution  ob.toString(a?b:c),  as  opposed  to  using  (Content  here),  content  here's,  making  it  look  like  readable  English?
	 It  is  a  established  fact  that  a  reader  will  be  of  a  page  when  looking  at  its  layout...
	 Bye  бандерлоги.
2021-11-08 14:34:16 [main] INFO  by.epam.task4.main.Main - 	 It  has  survived  -  not  only  (five)  centuries,  but  also  the  leap  into  electronic  typesetting,  remaining  essentially  unchanged.
	 It  was  popularised  in  the  Динамо  (Рига)  with  the  release  of  Letraset  sheets.toString()  containing  Lorem  Ipsum  passages,  and  more  recently  with  desktop  publishing  software  like  Aldus  PageMaker  Faclon9  including  versions  of  Lorem  Ipsum!
	 It  is  a  long  a!=b  established  fact  that  a  reader  will  be  distracted  by  the  readable  content  of  a  page  when  looking  at  its  layout.
	 The  point  of  using  Ipsum  is  that  it  has  a  more-or-less  normal  distribution  ob.toString(a?b:c),  as  opposed  to  using  (Content  here),  content  here's,  making  it  look  like  readable  English?
	 It  is  a  established  fact  that  a  reader  will  be  of  a  page  when  looking  at  its  layout...
	 Bye  бандерлоги.
2021-11-08 14:40:49 [main] INFO  by.epam.task4.main.Main -
2021-11-08 14:41:08 [main] INFO  by.epam.task4.main.Main -
2021-11-08 14:51:10 [main] INFO  by.epam.task4.main.Main - 	 It  has  survived  -  not  only  (five)  centuries,  but  also  the  leap  into  electronic  typesetting,  remaining  essentially  unchanged.
	 It  was  popularised  in  the  Динамо  (Рига)  with  the  release  of  Letraset  sheets.toString()  containing  Lorem  Ipsum  passages,  and  more  recently  with  desktop  publishing  software  like  Aldus  PageMaker  Faclon9  including  versions  of  Lorem  Ipsum!
	 It  is  a  long  a!=b  established  fact  that  a  reader  will  be  distracted  by  the  readable  content  of  a  page  when  looking  at  its  layout.
	 The  point  of  using  Ipsum  is  that  it  has  a  more-or-less  normal  distribution  ob.toString(a?b:c),  as  opposed  to  using  (Content  here),  content  here's,  making  it  look  like  readable  English?
	 It  is  a  established  fact  that  a  reader  will  be  of  a  page  when  looking  at  its  layout...
	 Bye  бандерлоги.
2021-11-08 14:57:45 [main] INFO  by.epam.task4.main.Main -
 It has survived - not only (five) centuries, but also the leap into electronic typesetting, remaining essentially unchanged.	 It was popularised in the Динамо (Рига) with the release of Letraset sheets.toString() containing Lorem Ipsum passages, and more recently with desktop publishing software like Aldus PageMaker Faclon9 including versions of Lorem Ipsum!	 It is a long a!=b established fact that a reader will be distracted by the readable content of a page when looking at its layout.	 The point of using Ipsum is that it has a more-or-less normal distribution ob.toString(a?b:c), as opposed to using (Content here), content here's, making it look like readable English?	 It is a established fact that a reader will be of a page when looking at its layout...	 Bye бандерлоги.
2021-11-08 14:58:53 [main] INFO  by.epam.task4.main.Main - 	 It has survived - not only (five) centuries, but also the leap into electronic typesetting, remaining essentially unchanged.
 It was popularised in the Динамо (Рига) with the release of Letraset sheets.toString() containing Lorem Ipsum passages, and more recently with desktop publishing software like Aldus PageMaker Faclon9 including versions of Lorem Ipsum!
 It is a long a!=b established fact that a reader will be distracted by the readable content of a page when looking at its layout.
 The point of using Ipsum is that it has a more-or-less normal distribution ob.toString(a?b:c), as opposed to using (Content here), content here's, making it look like readable English?
 It is a established fact that a reader will be of a page when looking at its layout...
 Bye бандерлоги.
2021-11-08 15:01:32 [main] INFO  by.epam.task4.main.Main -
 It has survived - not only (five) centuries, but also the leap into electronic typesetting, remaining essentially unchanged. It was popularised in the Динамо (Рига) with the release of Letraset sheets.toString() containing Lorem Ipsum passages, and more recently with desktop publishing software like Aldus PageMaker Faclon9 including versions of Lorem Ipsum! It is a long a!=b established fact that a reader will be distracted by the readable content of a page when looking at its layout. The point of using Ipsum is that it has a more-or-less normal distribution ob.toString(a?b:c), as opposed to using (Content here), content here's, making it look like readable English? It is a established fact that a reader will be of a page when looking at its layout... Bye бандерлоги.
2021-11-08 15:02:15 [main] INFO  by.epam.task4.main.Main -
 It has survived - not only (five) centuries, but also the leap into electronic typesetting, remaining essentially unchanged.	 It was popularised in the Динамо (Рига) with the release of Letraset sheets.toString() containing Lorem Ipsum passages, and more recently with desktop publishing software like Aldus PageMaker Faclon9 including versions of Lorem Ipsum!	 It is a long a!=b established fact that a reader will be distracted by the readable content of a page when looking at its layout.	 The point of using Ipsum is that it has a more-or-less normal distribution ob.toString(a?b:c), as opposed to using (Content here), content here's, making it look like readable English?	 It is a established fact that a reader will be of a page when looking at its layout...	 Bye бандерлоги.
2021-11-08 15:03:21 [main] INFO  by.epam.task4.main.Main - 	 It has survived - not only (five) centuries, but also the leap into electronic typesetting, remaining essentially unchanged.
 It was popularised in the Динамо (Рига) with the release of Letraset sheets.toString() containing Lorem Ipsum passages, and more recently with desktop publishing software like Aldus PageMaker Faclon9 including versions of Lorem Ipsum!
 It is a long a!=b established fact that a reader will be distracted by the readable content of a page when looking at its layout.
 The point of using Ipsum is that it has a more-or-less normal distribution ob.toString(a?b:c), as opposed to using (Content here), content here's, making it look like readable English?
 It is a established fact that a reader will be of a page when looking at its layout...
 Bye бандерлоги.
2021-11-08 15:04:03 [main] INFO  by.epam.task4.main.Main - \s{4} It has survived - not only (five) centuries, but also the leap into electronic typesetting, remaining essentially unchanged.
 It was popularised in the Динамо (Рига) with the release of Letraset sheets.toString() containing Lorem Ipsum passages, and more recently with desktop publishing software like Aldus PageMaker Faclon9 including versions of Lorem Ipsum!
 It is a long a!=b established fact that a reader will be distracted by the readable content of a page when looking at its layout.
 The point of using Ipsum is that it has a more-or-less normal distribution ob.toString(a?b:c), as opposed to using (Content here), content here's, making it look like readable English?
 It is a established fact that a reader will be of a page when looking at its layout...
 Bye бандерлоги.
2021-11-08 15:05:27 [main] INFO  by.epam.task4.main.Main - 	 It has survived - not only (five) centuries, but also the leap into electronic typesetting, remaining essentially unchanged.
 It was popularised in the Динамо (Рига) with the release of Letraset sheets.toString() containing Lorem Ipsum passages, and more recently with desktop publishing software like Aldus PageMaker Faclon9 including versions of Lorem Ipsum!
 It is a long a!=b established fact that a reader will be distracted by the readable content of a page when looking at its layout.
 The point of using Ipsum is that it has a more-or-less normal distribution ob.toString(a?b:c), as opposed to using (Content here), content here's, making it look like readable English?
 It is a established fact that a reader will be of a page when looking at its layout...
 Bye бандерлоги.
2021-11-08 15:06:33 [main] INFO  by.epam.task4.main.Main - 	 It has survived - not only (five) centuries, but also the leap into electronic typesetting, remaining essentially unchanged.
 It was popularised in the Динамо (Рига) with the release of Letraset sheets.toString() containing Lorem Ipsum passages, and more recently with desktop publishing software like Aldus PageMaker Faclon9 including versions of Lorem Ipsum!
 It is a long a!=b established fact that a reader will be distracted by the readable content of a page when looking at its layout.
 The point of using Ipsum is that it has a more-or-less normal distribution ob.toString(a?b:c), as opposed to using (Content here), content here's, making it look like readable English?
 It is a established fact that a reader will be of a page when looking at its layout...
 Bye бандерлоги.
2021-11-08 15:06:54 [main] INFO  by.epam.task4.main.Main -
 It has survived - not only (five) centuries, but also the leap into electronic typesetting, remaining essentially unchanged.	 It was popularised in the Динамо (Рига) with the release of Letraset sheets.toString() containing Lorem Ipsum passages, and more recently with desktop publishing software like Aldus PageMaker Faclon9 including versions of Lorem Ipsum!	 It is a long a!=b established fact that a reader will be distracted by the readable content of a page when looking at its layout.	 The point of using Ipsum is that it has a more-or-less normal distribution ob.toString(a?b:c), as opposed to using (Content here), content here's, making it look like readable English?	 It is a established fact that a reader will be of a page when looking at its layout...	 Bye бандерлоги.
2021-11-08 15:08:22 [main] INFO  by.epam.task4.main.Main - 	 It has survived - not only (five) centuries, but also the leap into electronic typesetting, remaining essentially unchanged.
 It was popularised in the Динамо (Рига) with the release of Letraset sheets.toString() containing Lorem Ipsum passages, and more recently with desktop publishing software like Aldus PageMaker Faclon9 including versions of Lorem Ipsum!	 It is a long a!=b established fact that a reader will be distracted by the readable content of a page when looking at its layout.
 The point of using Ipsum is that it has a more-or-less normal distribution ob.toString(a?b:c), as opposed to using (Content here), content here's, making it look like readable English?	 It is a established fact that a reader will be of a page when looking at its layout...	 Bye бандерлоги.
2021-11-08 15:10:14 [main] INFO  by.epam.task4.main.Main - 	 It has survived - not only (five) centuries, but also the leap into electronic typesetting, remaining essentially unchanged.
 It was popularised in the Динамо (Рига) with the release of Letraset sheets.toString() containing Lorem Ipsum passages, and more recently with desktop publishing software like Aldus PageMaker Faclon9 including versions of Lorem Ipsum!
 It is a long a!=b established fact that a reader will be distracted by the readable content of a page when looking at its layout.
 The point of using Ipsum is that it has a more-or-less normal distribution ob.toString(a?b:c), as opposed to using (Content here), content here's, making it look like readable English?
 It is a established fact that a reader will be of a page when looking at its layout...
 Bye бандерлоги.
2021-11-08 15:10:48 [main] INFO  by.epam.task4.main.Main - 	 It has survived - not only (five) centuries, but also the leap into electronic typesetting, remaining essentially unchanged.
 It was popularised in the Динамо (Рига) with the release of Letraset sheets.toString() containing Lorem Ipsum passages, and more recently with desktop publishing software like Aldus PageMaker Faclon9 including versions of Lorem Ipsum!
 It is a long a!=b established fact that a reader will be distracted by the readable content of a page when looking at its layout.
 The point of using Ipsum is that it has a more-or-less normal distribution ob.toString(a?b:c), as opposed to using (Content here), content here's, making it look like readable English?
 It is a established fact that a reader will be of a page when looking at its layout...
 Bye бандерлоги.
2021-11-08 15:18:44 [main] INFO  by.epam.task4.main.Main - 	  It has survived - not only (five) centuries, but also the leap into electronic typesetting, remaining essentially unchanged.  It was popularised in the Динамо (Рига) with the release of Letraset sheets.toString() containing Lorem Ipsum passages, and more recently with desktop publishing software like Aldus PageMaker Faclon9 including versions of Lorem Ipsum!  It is a long a!=b established fact that a reader will be distracted by the readable content of a page when looking at its layout.  The point of using Ipsum is that it has a more-or-less normal distribution ob.toString(a?b:c), as opposed to using (Content here), content here's, making it look like readable English?  It is a established fact that a reader will be of a page when looking at its layout...  Bye бандерлоги.
2021-11-08 15:19:30 [main] INFO  by.epam.task4.main.Main -
	  It has survived - not only (five) centuries, but also the leap into electronic typesetting, remaining essentially unchanged.  It was popularised in the Динамо (Рига) with the release of Letraset sheets.toString() containing Lorem Ipsum passages, and more recently with desktop publishing software like Aldus PageMaker Faclon9 including versions of Lorem Ipsum!  It is a long a!=b established fact that a reader will be distracted by the readable content of a page when looking at its layout.  The point of using Ipsum is that it has a more-or-less normal distribution ob.toString(a?b:c), as opposed to using (Content here), content here's, making it look like readable English?  It is a established fact that a reader will be of a page when looking at its layout...  Bye бандерлоги.
2021-11-08 15:21:07 [main] INFO  by.epam.task4.main.Main -
	  It has survived - not only (five) centuries, but also the leap into electronic typesetting, remaining essentially unchanged.  It was popularised in the Динамо (Рига) with the release of Letraset sheets.toString() containing Lorem Ipsum passages, and more recently with desktop publishing software like Aldus PageMaker Faclon9 including versions of Lorem Ipsum!  It is a long a!=b established fact that a reader will be distracted by the readable content of a page when looking at its layout.  The point of using Ipsum is that it has a more-or-less normal distribution ob.toString(a?b:c), as opposed to using (Content here), content here's, making it look like readable English?  It is a established fact that a reader will be of a page when looking at its layout...  Bye бандерлоги.
2021-11-08 15:23:51 [main] INFO  by.epam.task4.main.Main -
	  It has survived - not only (five) centuries, but also the leap into electronic typesetting, remaining essentially unchanged.  It was popularised in the Динамо (Рига) with the release of Letraset sheets.toString() containing Lorem Ipsum passages, and more recently with desktop publishing software like Aldus PageMaker Faclon9 including versions of Lorem Ipsum!  It is a long a!=b established fact that a reader will be distracted by the readable content of a page when looking at its layout.  The point of using Ipsum is that it has a more-or-less normal distribution ob.toString(a?b:c), as opposed to using (Content here), content here's, making it look like readable English?  It is a established fact that a reader will be of a page when looking at its layout...  Bye бандерлоги.
2021-11-08 15:24:53 [main] INFO  by.epam.task4.main.Main -
 {4}  It has survived - not only (five) centuries, but also the leap into electronic typesetting, remaining essentially unchanged.  It was popularised in the Динамо (Рига) with the release of Letraset sheets.toString() containing Lorem Ipsum passages, and more recently with desktop publishing software like Aldus PageMaker Faclon9 including versions of Lorem Ipsum!  It is a long a!=b established fact that a reader will be distracted by the readable content of a page when looking at its layout.  The point of using Ipsum is that it has a more-or-less normal distribution ob.toString(a?b:c), as opposed to using (Content here), content here's, making it look like readable English?  It is a established fact that a reader will be of a page when looking at its layout...  Bye бандерлоги.
2021-11-08 15:26:11 [main] INFO  by.epam.task4.main.Main -
 {4}  It has survived - not only (five) centuries, but also the leap into electronic typesetting, remaining essentially unchanged.  It was popularised in the Динамо (Рига) with the release of Letraset sheets.toString() containing Lorem Ipsum passages, and more recently with desktop publishing software like Aldus PageMaker Faclon9 including versions of Lorem Ipsum!
 {4}  It is a long a!=b established fact that a reader will be distracted by the readable content of a page when looking at its layout.  The point of using Ipsum is that it has a more-or-less normal distribution ob.toString(a?b:c), as opposed to using (Content here), content here's, making it look like readable English?
 {4}  It is a established fact that a reader will be of a page when looking at its layout...
 {4}  Bye бандерлоги.
2021-11-08 15:26:53 [main] INFO  by.epam.task4.main.Main -
	  It has survived - not only (five) centuries, but also the leap into electronic typesetting, remaining essentially unchanged.  It was popularised in the Динамо (Рига) with the release of Letraset sheets.toString() containing Lorem Ipsum passages, and more recently with desktop publishing software like Aldus PageMaker Faclon9 including versions of Lorem Ipsum!
	  It is a long a!=b established fact that a reader will be distracted by the readable content of a page when looking at its layout.  The point of using Ipsum is that it has a more-or-less normal distribution ob.toString(a?b:c), as opposed to using (Content here), content here's, making it look like readable English?
	  It is a established fact that a reader will be of a page when looking at its layout...
	  Bye бандерлоги.
2021-11-08 15:27:47 [main] INFO  by.epam.task4.main.Main -
	Ithassurvived-notonly(five)centuries,butalsotheleapintoelectronictypesetting,remainingessentiallyunchanged.ItwaspopularisedintheДинамо(Рига)withthereleaseofLetrasetsheets.toString()containingLoremIpsumpassages,andmorerecentlywithdesktoppublishingsoftwarelikeAldusPageMakerFaclon9includingversionsofLoremIpsum!
	Itisalonga!=bestablishedfactthatareaderwillbedistractedbythereadablecontentofapagewhenlookingatitslayout.ThepointofusingIpsumisthatithasamore-or-lessnormaldistributionob.toString(a?b:c),asopposedtousing(Contenthere),contenthere's,makingitlooklikereadableEnglish?
	Itisaestablishedfactthatareaderwillbeofapagewhenlookingatitslayout...
	Byeбандерлоги.
2021-11-08 15:28:07 [main] INFO  by.epam.task4.main.Main -
	 It has survived - not only (five) centuries, but also the leap into electronic typesetting, remaining essentially unchanged. It was popularised in the Динамо (Рига) with the release of Letraset sheets.toString() containing Lorem Ipsum passages, and more recently with desktop publishing software like Aldus PageMaker Faclon9 including versions of Lorem Ipsum!
	 It is a long a!=b established fact that a reader will be distracted by the readable content of a page when looking at its layout. The point of using Ipsum is that it has a more-or-less normal distribution ob.toString(a?b:c), as opposed to using (Content here), content here's, making it look like readable English?
	 It is a established fact that a reader will be of a page when looking at its layout...
	 Bye бандерлоги.
2021-11-08 15:32:33 [main] INFO  by.epam.task4.main.Main - 	It has survived - not only (five) centuries, but also the leap into electronic typesetting, remaining essentially unchanged. It was popularised in the Динамо (Рига) with the release of Letraset sheets.toString() containing Lorem Ipsum passages, and more recently with desktop publishing software like Aldus PageMaker Faclon9 including versions of Lorem Ipsum!
	It is a long a!=b established fact that a reader will be distracted by the readable content of a page when looking at its layout. The point of using Ipsum is that it has a more-or-less normal distribution ob.toString(a?b:c), as opposed to using (Content here), content here's, making it look like readable English? 
	It is a established fact that a reader will be of a page when looking at its layout... 
	Bye бандерлоги. 

2021-11-08 15:49:54 [main] INFO  by.epam.task4.main.Main - 	It has survived - not only (five) centuries, but also the leap into electronic typesetting, remaining essentially unchanged. It was popularised in the Динамо (Рига) with the release of Letraset sheets.toString() containing Lorem Ipsum passages, and more recently with desktop publishing software like Aldus PageMaker Faclon9 including versions of Lorem Ipsum! It is a long a!=b established fact that a reader will be distracted by the readable content of a page when looking at its layout. The point of using Ipsum is that it has a more-or-less normal distribution ob.toString(a?b:c), as opposed to using (Content here), content here's, making it look like readable English? It is a established fact that a reader will be of a page when looking at its layout... Bye бандерлоги.

2021-11-08 15:55:14 [main] INFO  by.epam.task4.main.Main - 	It has survived - not only (five) centuries, but also the leap into electronic typesetting, remaining essentially unchanged. It was popularised in the Динамо (Рига) with the release of Letraset sheets.toString() containing Lorem Ipsum passages, and more recently with desktop publishing software like Aldus PageMaker Faclon9 including versions of Lorem Ipsum!
	It is a long a!=b established fact that a reader will be distracted by the readable content of a page when looking at its layout. The point of using Ipsum is that it has a more-or-less normal distribution ob.toString(a?b:c), as opposed to using (Content here), content here's, making it look like readable English? 
	It is a established fact that a reader will be of a page when looking at its layout... 
	Bye бандерлоги. 

2021-11-08 15:55:42 [main] INFO  by.epam.task4.main.Main - 	It has survived - not only (five) centuries, but also the leap into electronic typesetting, remaining essentially unchanged. It was popularised in the Динамо (Рига) with the release of Letraset sheets.toString() containing Lorem Ipsum passages, and more recently with desktop publishing software like Aldus PageMaker Faclon9 including versions of Lorem Ipsum! It is a long a!=b established fact that a reader will be distracted by the readable content of a page when looking at its layout. The point of using Ipsum is that it has a more-or-less normal distribution ob.toString(a?b:c), as opposed to using (Content here), content here's, making it look like readable English? It is a established fact that a reader will be of a page when looking at its layout... Bye бандерлоги.

2021-11-08 15:56:14 [main] INFO  by.epam.task4.main.Main - 	It has survived - not only (five) centuries, but also the leap into electronic typesetting, remaining essentially unchanged. It was popularised in the Динамо (Рига) with the release of Letraset sheets.toString() containing Lorem Ipsum passages, and more recently with desktop publishing software like Aldus PageMaker Faclon9 including versions of Lorem Ipsum!
	It is a long a!=b established fact that a reader will be distracted by the readable content of a page when looking at its layout. The point of using Ipsum is that it has a more-or-less normal distribution ob.toString(a?b:c), as opposed to using (Content here), content here's, making it look like readable English? 
	It is a established fact that a reader will be of a page when looking at its layout... 
	Bye бандерлоги. 

2021-11-09 00:10:48 [main] INFO  by.epam.task4.main.Main - 	It has survived - not only (five) centuries, but also the leap into electronic typesetting, remaining essentially unchanged. It was popularised in the Динамо (Рига) with the release of Letraset sheets.toString() containing Lorem Ipsum passages, and more recently with desktop publishing software like Aldus PageMaker Faclon9 including versions of Lorem Ipsum! 
	It is a long a!=b established fact that a reader will be distracted by the readable content of a page when looking at its layout. The point of using Ipsum is that it has a more-or-less normal distribution ob.toString(a?b:c), as opposed to using (Content here), content here's, making it look like readable English? 
	It is a established fact that a reader will be of a page when looking at its layout... 
	Bye бандерлоги. 

2021-11-09 01:25:23 [main] INFO  by.epam.task4.main.Main - 	It has survived - not only (five) centuries, but also the leap into electronic typesetting, remaining essentially unchanged. It was popularised in the Динамо (Рига) with the release of Letraset sheets.toString() containing Lorem Ipsum passages, and more recently with desktop publishing software like Aldus PageMaker Faclon9 including versions of Lorem Ipsum! 
	It is a long a!=b established fact that a reader will be distracted by the readable content of a page when looking at its layout. The point of using Ipsum is that it has a more-or-less normal distribution ob.toString(a?b:c), as opposed to using (Content here), content here's, making it look like readable English? 
	It is a established fact that a reader will be of a page when looking at its layout... 
	Bye бандерлоги. 

2021-11-09 01:26:36 [main] INFO  by.epam.task4.main.Main - 	It has survived - not only (five) centuries, but also the leap into electronic typesetting, remaining essentially unchanged. It was popularised in the Динамо (Рига) with the release of Letraset sheets.toString() containing Lorem Ipsum passages, and more recently with desktop publishing software like Aldus PageMaker Faclon9 including versions of Lorem Ipsum! 
	It is a long a!=b established fact that a reader will be distracted by the readable content of a page when looking at its layout. The point of using Ipsum is that it has a more-or-less normal distribution ob.toString(a?b:c), as opposed to using (Content here), content here's, making it look like readable English? 
	It is a established fact that a reader will be of a page when looking at its layout... 
	Bye бандерлоги. 

2021-11-09 01:28:44 [main] INFO  by.epam.task4.main.Main - 	It has survived - not only (five) centuries, but also the leap into electronic typesetting, remaining essentially unchanged. It was popularised in the Динамо (Рига) with the release of Letraset sheets.toString() containing Lorem Ipsum passages, and more recently with desktop publishing software like Aldus PageMaker Faclon9 including versions of Lorem Ipsum! 
	It is a long a!=b established fact that a reader will be distracted by the readable content of a page when looking at its layout. The point of using Ipsum is that it has a more-or-less normal distribution ob.toString(a?b:c), as opposed to using (Content here), content here's, making it look like readable English? 
	It is a established fact that a reader will be of a page when looking at its layout... 
	Bye бандерлоги. 

2021-11-09 01:31:58 [main] INFO  by.epam.task4.main.Main - 	It has survived - not only (five) centuries, but also the leap into electronic typesetting, remaining essentially unchanged. It was popularised in the Динамо (Рига) with the release of Letraset sheets.toString() containing Lorem Ipsum passages, and more recently with desktop publishing software like Aldus PageMaker Faclon9 including versions of Lorem Ipsum! 
	It is a long a!=b established fact that a reader will be distracted by the readable content of a page when looking at its layout. The point of using Ipsum is that it has a more-or-less normal distribution ob.toString(a?b:c), as opposed to using (Content here), content here's, making it look like readable English? 
	It is a established fact that a reader will be of a page when looking at its layout... 
	Bye бандерлоги. 

2021-11-09 01:33:13 [main] INFO  by.epam.task4.main.Main - 	It has survived - not only (five) centuries, but also the leap into electronic typesetting, remaining essentially unchanged. It was popularised in the Динамо (Рига) with the release of Letraset sheets.toString() containing Lorem Ipsum passages, and more recently with desktop publishing software like Aldus PageMaker Faclon9 including versions of Lorem Ipsum! 
	It is a long a!=b established fact that a reader will be distracted by the readable content of a page when looking at its layout. The point of using Ipsum is that it has a more-or-less normal distribution ob.toString(a?b:c), as opposed to using (Content here), content here's, making it look like readable English? 
	It is a established fact that a reader will be of a page when looking at its layout... 
	Bye бандерлоги. 

2021-11-09 01:33:13 [main] INFO  by.epam.task4.main.Main - [	It is a established fact that a reader will be of a page when looking at its layout... 
, 	Bye бандерлоги. 
, 	It has survived - not only (five) centuries, but also the leap into electronic typesetting, remaining essentially unchanged. It was popularised in the Динамо (Рига) with the release of Letraset sheets.toString() containing Lorem Ipsum passages, and more recently with desktop publishing software like Aldus PageMaker Faclon9 including versions of Lorem Ipsum! 
, 	It is a long a!=b established fact that a reader will be distracted by the readable content of a page when looking at its layout. The point of using Ipsum is that it has a more-or-less normal distribution ob.toString(a?b:c), as opposed to using (Content here), content here's, making it look like readable English? 
]
2021-11-09 01:33:13 [main] INFO  epam.task4.service.impl.TextServiceImpl - 
 Longest word:distribution
2021-11-09 01:33:13 [main] INFO  by.epam.task4.main.Main - The point of using Ipsum is that it has a more-or-less normal distribution ob.toString(a?b:c), as opposed to using (Content here), content here's, making it look like readable English? 
2021-11-09 01:34:59 [main] INFO  by.epam.task4.main.Main - 	It has survived - not only (five) centuries, but also the leap into electronic typesetting, remaining essentially unchanged. It was popularised in the Динамо (Рига) with the release of Letraset sheets.toString() containing Lorem Ipsum passages, and more recently with desktop publishing software like Aldus PageMaker Faclon9 including versions of Lorem Ipsum! 
	It is a long a!=b established fact that a reader will be distracted by the readable content of a page when looking at its layout. The point of using Ipsum is that it has a more-or-less normal distribution ob.toString(a?b:c), as opposed to using (Content here), content here's, making it look like readable English? 
	It is a established fact that a reader will be of a page when looking at its layout... 
	Bye бандерлоги. 

2021-11-09 01:34:59 [main] INFO  by.epam.task4.main.Main - Sorting by the number of words int the sentence:
[	It is a established fact that a reader will be of a page when looking at its layout... 
, 	Bye бандерлоги. 
, 	It has survived - not only (five) centuries, but also the leap into electronic typesetting, remaining essentially unchanged. It was popularised in the Динамо (Рига) with the release of Letraset sheets.toString() containing Lorem Ipsum passages, and more recently with desktop publishing software like Aldus PageMaker Faclon9 including versions of Lorem Ipsum! 
, 	It is a long a!=b established fact that a reader will be distracted by the readable content of a page when looking at its layout. The point of using Ipsum is that it has a more-or-less normal distribution ob.toString(a?b:c), as opposed to using (Content here), content here's, making it look like readable English? 
]
2021-11-09 01:34:59 [main] INFO  epam.task4.service.impl.TextServiceImpl - 
 Longest word:distribution
2021-11-09 01:34:59 [main] INFO  by.epam.task4.main.Main - Sentence with the longest word:
The point of using Ipsum is that it has a more-or-less normal distribution ob.toString(a?b:c), as opposed to using (Content here), content here's, making it look like readable English? 
2021-11-09 01:36:13 [main] INFO  by.epam.task4.main.Main - 	It has survived - not only (five) centuries, but also the leap into electronic typesetting, remaining essentially unchanged. It was popularised in the Динамо (Рига) with the release of Letraset sheets.toString() containing Lorem Ipsum passages, and more recently with desktop publishing software like Aldus PageMaker Faclon9 including versions of Lorem Ipsum! 
	It is a long a!=b established fact that a reader will be distracted by the readable content of a page when looking at its layout. The point of using Ipsum is that it has a more-or-less normal distribution ob.toString(a?b:c), as opposed to using (Content here), content here's, making it look like readable English? 
	It is a established fact that a reader will be of a page when looking at its layout... 
	Bye бандерлоги. 

2021-11-09 01:36:13 [main] INFO  by.epam.task4.main.Main - Sorting by the number of sentences in the paragraph:
[	It is a established fact that a reader will be of a page when looking at its layout... 
, 	Bye бандерлоги. 
, 	It has survived - not only (five) centuries, but also the leap into electronic typesetting, remaining essentially unchanged. It was popularised in the Динамо (Рига) with the release of Letraset sheets.toString() containing Lorem Ipsum passages, and more recently with desktop publishing software like Aldus PageMaker Faclon9 including versions of Lorem Ipsum! 
, 	It is a long a!=b established fact that a reader will be distracted by the readable content of a page when looking at its layout. The point of using Ipsum is that it has a more-or-less normal distribution ob.toString(a?b:c), as opposed to using (Content here), content here's, making it look like readable English? 
]
2021-11-09 01:36:13 [main] INFO  epam.task4.service.impl.TextServiceImpl - Longest word:
distribution
2021-11-09 01:36:13 [main] INFO  by.epam.task4.main.Main - Sentence with the longest word:
The point of using Ipsum is that it has a more-or-less normal distribution ob.toString(a?b:c), as opposed to using (Content here), content here's, making it look like readable English? 
2021-11-09 01:37:07 [main] INFO  by.epam.task4.main.Main - 
	It has survived - not only (five) centuries, but also the leap into electronic typesetting, remaining essentially unchanged. It was popularised in the Динамо (Рига) with the release of Letraset sheets.toString() containing Lorem Ipsum passages, and more recently with desktop publishing software like Aldus PageMaker Faclon9 including versions of Lorem Ipsum! 
	It is a long a!=b established fact that a reader will be distracted by the readable content of a page when looking at its layout. The point of using Ipsum is that it has a more-or-less normal distribution ob.toString(a?b:c), as opposed to using (Content here), content here's, making it look like readable English? 
	It is a established fact that a reader will be of a page when looking at its layout... 
	Bye бандерлоги. 

2021-11-09 01:37:08 [main] INFO  by.epam.task4.main.Main - Sorting by the number of sentences in the paragraph:
[	It is a established fact that a reader will be of a page when looking at its layout... 
, 	Bye бандерлоги. 
, 	It has survived - not only (five) centuries, but also the leap into electronic typesetting, remaining essentially unchanged. It was popularised in the Динамо (Рига) with the release of Letraset sheets.toString() containing Lorem Ipsum passages, and more recently with desktop publishing software like Aldus PageMaker Faclon9 including versions of Lorem Ipsum! 
, 	It is a long a!=b established fact that a reader will be distracted by the readable content of a page when looking at its layout. The point of using Ipsum is that it has a more-or-less normal distribution ob.toString(a?b:c), as opposed to using (Content here), content here's, making it look like readable English? 
]
2021-11-09 01:37:08 [main] INFO  epam.task4.service.impl.TextServiceImpl - Longest word:
distribution
2021-11-09 01:37:08 [main] INFO  by.epam.task4.main.Main - Sentence with the longest word:
The point of using Ipsum is that it has a more-or-less normal distribution ob.toString(a?b:c), as opposed to using (Content here), content here's, making it look like readable English? 
2021-11-09 01:37:44 [main] INFO  by.epam.task4.main.Main - 
Parsed data:	It has survived - not only (five) centuries, but also the leap into electronic typesetting, remaining essentially unchanged. It was popularised in the Динамо (Рига) with the release of Letraset sheets.toString() containing Lorem Ipsum passages, and more recently with desktop publishing software like Aldus PageMaker Faclon9 including versions of Lorem Ipsum! 
	It is a long a!=b established fact that a reader will be distracted by the readable content of a page when looking at its layout. The point of using Ipsum is that it has a more-or-less normal distribution ob.toString(a?b:c), as opposed to using (Content here), content here's, making it look like readable English? 
	It is a established fact that a reader will be of a page when looking at its layout... 
	Bye бандерлоги. 

2021-11-09 01:37:44 [main] INFO  by.epam.task4.main.Main - Sorting by the number of sentences in the paragraph:
[	It is a established fact that a reader will be of a page when looking at its layout... 
, 	Bye бандерлоги. 
, 	It has survived - not only (five) centuries, but also the leap into electronic typesetting, remaining essentially unchanged. It was popularised in the Динамо (Рига) with the release of Letraset sheets.toString() containing Lorem Ipsum passages, and more recently with desktop publishing software like Aldus PageMaker Faclon9 including versions of Lorem Ipsum! 
, 	It is a long a!=b established fact that a reader will be distracted by the readable content of a page when looking at its layout. The point of using Ipsum is that it has a more-or-less normal distribution ob.toString(a?b:c), as opposed to using (Content here), content here's, making it look like readable English? 
]
2021-11-09 01:37:44 [main] INFO  epam.task4.service.impl.TextServiceImpl - Longest word:
distribution
2021-11-09 01:37:44 [main] INFO  by.epam.task4.main.Main - Sentence with the longest word:
The point of using Ipsum is that it has a more-or-less normal distribution ob.toString(a?b:c), as opposed to using (Content here), content here's, making it look like readable English? 
2021-11-09 02:48:58 [main] INFO  by.epam.task4.main.Main - Parsed data:
	It has survived - not only (five) centuries, but also the leap into electronic typesetting, remaining essentially unchanged. It was popularised in the Динамо (Рига) with the release of Letraset sheets.toString() containing Lorem Ipsum passages, and more recently with desktop publishing software like Aldus PageMaker Faclon9 including versions of Lorem Ipsum! 
	It is a long a!=b established fact that a reader will be distracted by the readable content of a page when looking at its layout. The point of using Ipsum is that it has a more-or-less normal distribution ob.toString(a?b:c), as opposed to using (Content here), content here's, making it look like readable English? 
	It is a established fact that a reader will be of a page when looking at its layout... 
	Bye бандерлоги. 

2021-11-09 02:48:58 [main] INFO  by.epam.task4.main.Main - Sorting by the number of sentences in the paragraph:
[	It is a established fact that a reader will be of a page when looking at its layout... 
, 	Bye бандерлоги. 
, 	It has survived - not only (five) centuries, but also the leap into electronic typesetting, remaining essentially unchanged. It was popularised in the Динамо (Рига) with the release of Letraset sheets.toString() containing Lorem Ipsum passages, and more recently with desktop publishing software like Aldus PageMaker Faclon9 including versions of Lorem Ipsum! 
, 	It is a long a!=b established fact that a reader will be distracted by the readable content of a page when looking at its layout. The point of using Ipsum is that it has a more-or-less normal distribution ob.toString(a?b:c), as opposed to using (Content here), content here's, making it look like readable English? 
]
2021-11-09 02:48:58 [main] INFO  epam.task4.service.impl.TextServiceImpl - The longest word:
distribution
2021-11-09 02:48:58 [main] INFO  by.epam.task4.main.Main - Sentence with the longest word:
The point of using Ipsum is that it has a more-or-less normal distribution ob.toString(a?b:c), as opposed to using (Content here), content here's, making it look like readable English? 
2021-11-09 02:59:29 [main] INFO  by.epam.task4.main.Main - Parsed data:
	It has survived - not only (five) centuries, but also the leap into electronic typesetting, remaining essentially unchanged. It was popularised in the Динамо (Рига) with the release of Letraset sheets.toString() containing Lorem Ipsum passages, and more recently with desktop publishing software like Aldus PageMaker Faclon9 including versions of Lorem Ipsum! 
	It is a long a!=b established fact that a reader will be distracted by the readable content of a page when looking at its layout. The point of using Ipsum is that it has a more-or-less normal distribution ob.toString(a?b:c), as opposed to using (Content here), content here's, making it look like readable English? 
	It is a established fact that a reader will be of a page when looking at its layout... 
	Bye бандерлоги. 

2021-11-09 02:59:29 [main] INFO  by.epam.task4.main.Main - Sorting by the number of sentences in the paragraph:
[	It is a established fact that a reader will be of a page when looking at its layout... 
, 	Bye бандерлоги. 
, 	It has survived - not only (five) centuries, but also the leap into electronic typesetting, remaining essentially unchanged. It was popularised in the Динамо (Рига) with the release of Letraset sheets.toString() containing Lorem Ipsum passages, and more recently with desktop publishing software like Aldus PageMaker Faclon9 including versions of Lorem Ipsum! 
, 	It is a long a!=b established fact that a reader will be distracted by the readable content of a page when looking at its layout. The point of using Ipsum is that it has a more-or-less normal distribution ob.toString(a?b:c), as opposed to using (Content here), content here's, making it look like readable English? 
]
2021-11-09 02:59:29 [main] INFO  epam.task4.service.impl.TextServiceImpl - The longest word:
distribution
2021-11-09 02:59:29 [main] INFO  by.epam.task4.main.Main - Sentence with the longest word:
The point of using Ipsum is that it has a more-or-less normal distribution ob.toString(a?b:c), as opposed to using (Content here), content here's, making it look like readable English? 
2021-11-09 02:59:29 [main] INFO  by.epam.task4.main.Main - Sentence with the number of words more than:
[It was popularised in the Динамо (Рига) with the release of Letraset sheets.toString() containing Lorem Ipsum passages, and more recently with desktop publishing software like Aldus PageMaker Faclon9 including versions of Lorem Ipsum! , It is a long a!=b established fact that a reader will be distracted by the readable content of a page when looking at its layout. , The point of using Ipsum is that it has a more-or-less normal distribution ob.toString(a?b:c), as opposed to using (Content here), content here's, making it look like readable English? ]
2021-11-09 03:01:44 [main] INFO  by.epam.task4.main.Main - Parsed data:
	It has survived - not only (five) centuries, but also the leap into electronic typesetting, remaining essentially unchanged. It was popularised in the Динамо (Рига) with the release of Letraset sheets.toString() containing Lorem Ipsum passages, and more recently with desktop publishing software like Aldus PageMaker Faclon9 including versions of Lorem Ipsum! 
	It is a long a!=b established fact that a reader will be distracted by the readable content of a page when looking at its layout. The point of using Ipsum is that it has a more-or-less normal distribution ob.toString(a?b:c), as opposed to using (Content here), content here's, making it look like readable English? 
	It is a established fact that a reader will be of a page when looking at its layout... 
	Bye бандерлоги. 

2021-11-09 03:01:44 [main] INFO  by.epam.task4.main.Main - Sorting by the number of sentences in the paragraph:
[	It is a established fact that a reader will be of a page when looking at its layout... 
, 	Bye бандерлоги. 
, 	It has survived - not only (five) centuries, but also the leap into electronic typesetting, remaining essentially unchanged. It was popularised in the Динамо (Рига) with the release of Letraset sheets.toString() containing Lorem Ipsum passages, and more recently with desktop publishing software like Aldus PageMaker Faclon9 including versions of Lorem Ipsum! 
, 	It is a long a!=b established fact that a reader will be distracted by the readable content of a page when looking at its layout. The point of using Ipsum is that it has a more-or-less normal distribution ob.toString(a?b:c), as opposed to using (Content here), content here's, making it look like readable English? 
]
2021-11-09 03:01:44 [main] INFO  epam.task4.service.impl.TextServiceImpl - The longest word:
distribution
2021-11-09 03:01:44 [main] INFO  by.epam.task4.main.Main - Sentence with the longest word:
The point of using Ipsum is that it has a more-or-less normal distribution ob.toString(a?b:c), as opposed to using (Content here), content here's, making it look like readable English? 
2021-11-09 03:01:44 [main] INFO  by.epam.task4.main.Main - Sentence with the number of words more than:
[It was popularised in the Динамо (Рига) with the release of Letraset sheets.toString() containing Lorem Ipsum passages, and more recently with desktop publishing software like Aldus PageMaker Faclon9 including versions of Lorem Ipsum! , It is a long a!=b established fact that a reader will be distracted by the readable content of a page when looking at its layout. , The point of using Ipsum is that it has a more-or-less normal distribution ob.toString(a?b:c), as opposed to using (Content here), content here's, making it look like readable English? ]
2021-11-09 03:17:00 [main] INFO  by.epam.task4.main.Main - Parsed data:
	It has survived - not only (five) centuries, but also the leap into electronic typesetting, remaining essentially unchanged. It was popularised in the Динамо (Рига) with the release of Letraset sheets.toString() containing Lorem Ipsum passages, and more recently with desktop publishing software like Aldus PageMaker Faclon9 including versions of Lorem Ipsum! 
	It is a long a!=b established fact that a reader will be distracted by the readable content of a page when looking at its layout. The point of using Ipsum is that it has a more-or-less normal distribution ob.toString(a?b:c), as opposed to using (Content here), content here's, making it look like readable English? 
	It is a established fact that a reader will be of a page when looking at its layout... 
	Bye бандерлоги. 

2021-11-09 03:17:00 [main] INFO  by.epam.task4.main.Main - Sorting by the number of sentences in the paragraph:
[	It is a established fact that a reader will be of a page when looking at its layout... 
, 	Bye бандерлоги. 
, 	It has survived - not only (five) centuries, but also the leap into electronic typesetting, remaining essentially unchanged. It was popularised in the Динамо (Рига) with the release of Letraset sheets.toString() containing Lorem Ipsum passages, and more recently with desktop publishing software like Aldus PageMaker Faclon9 including versions of Lorem Ipsum! 
, 	It is a long a!=b established fact that a reader will be distracted by the readable content of a page when looking at its layout. The point of using Ipsum is that it has a more-or-less normal distribution ob.toString(a?b:c), as opposed to using (Content here), content here's, making it look like readable English? 
]
2021-11-09 03:17:00 [main] INFO  epam.task4.service.impl.TextServiceImpl - The longest word:
distribution
2021-11-09 03:17:00 [main] INFO  by.epam.task4.main.Main - Sentence with the longest word:
The point of using Ipsum is that it has a more-or-less normal distribution ob.toString(a?b:c), as opposed to using (Content here), content here's, making it look like readable English? 
2021-11-09 03:17:00 [main] INFO  by.epam.task4.main.Main - Sentence with the number of words more than:
[It was popularised in the Динамо (Рига) with the release of Letraset sheets.toString() containing Lorem Ipsum passages, and more recently with desktop publishing software like Aldus PageMaker Faclon9 including versions of Lorem Ipsum! , It is a long a!=b established fact that a reader will be distracted by the readable content of a page when looking at its layout. , The point of using Ipsum is that it has a more-or-less normal distribution ob.toString(a?b:c), as opposed to using (Content here), content here's, making it look like readable English? ]
2021-11-09 03:17:00 [main] INFO  by.epam.task4.main.Main - 	It has survived - not only (five) centuries, but also the leap into electronic typesetting, remaining essentially unchanged. It was popularised in the Динамо (Рига) with the release of Letraset sheets.toString() containing Lorem Ipsum passages, and more recently with desktop publishing software like Aldus PageMaker Faclon9 including versions of Lorem Ipsum! 
	It is a long a!=b established fact that a reader will be distracted by the readable content of a page when looking at its layout. The point of using Ipsum is that it has a more-or-less normal distribution ob.toString(a?b:c), as opposed to using (Content here), content here's, making it look like readable English? 
	It is a established fact that a reader will be of a page when looking at its layout... 
	Bye бандерлоги. 

369
2021-11-09 03:20:58 [main] INFO  by.epam.task4.main.Main - Parsed data:
	It has survived - not only (five) centuries, but also the leap into electronic typesetting, remaining essentially unchanged. It was popularised in the Динамо (Рига) with the release of Letraset sheets.toString() containing Lorem Ipsum passages, and more recently with desktop publishing software like Aldus PageMaker Faclon9 including versions of Lorem Ipsum! 
	It is a long a!=b established fact that a reader will be distracted by the readable content of a page when looking at its layout. The point of using Ipsum is that it has a more-or-less normal distribution ob.toString(a?b:c), as opposed to using (Content here), content here's, making it look like readable English? 
	It is a established fact that a reader will be of a page when looking at its layout... 
	Bye бандерлоги. 

2021-11-09 03:20:58 [main] INFO  by.epam.task4.main.Main - Sorting by the number of sentences in the paragraph:
[	It is a established fact that a reader will be of a page when looking at its layout... 
, 	Bye бандерлоги. 
, 	It has survived - not only (five) centuries, but also the leap into electronic typesetting, remaining essentially unchanged. It was popularised in the Динамо (Рига) with the release of Letraset sheets.toString() containing Lorem Ipsum passages, and more recently with desktop publishing software like Aldus PageMaker Faclon9 including versions of Lorem Ipsum! 
, 	It is a long a!=b established fact that a reader will be distracted by the readable content of a page when looking at its layout. The point of using Ipsum is that it has a more-or-less normal distribution ob.toString(a?b:c), as opposed to using (Content here), content here's, making it look like readable English? 
]
2021-11-09 03:20:58 [main] INFO  epam.task4.service.impl.TextServiceImpl - The longest word:
distribution
2021-11-09 03:20:58 [main] INFO  by.epam.task4.main.Main - Sentence with the longest word:
The point of using Ipsum is that it has a more-or-less normal distribution ob.toString(a?b:c), as opposed to using (Content here), content here's, making it look like readable English? 
2021-11-09 03:20:58 [main] INFO  by.epam.task4.main.Main - Sentence with the number of words more than:
[It was popularised in the Динамо (Рига) with the release of Letraset sheets.toString() containing Lorem Ipsum passages, and more recently with desktop publishing software like Aldus PageMaker Faclon9 including versions of Lorem Ipsum! , It is a long a!=b established fact that a reader will be distracted by the readable content of a page when looking at its layout. , The point of using Ipsum is that it has a more-or-less normal distribution ob.toString(a?b:c), as opposed to using (Content here), content here's, making it look like readable English? ]
2021-11-09 03:20:58 [main] INFO  by.epam.task4.main.Main - Number of consonants in the text:369
2021-11-09 03:20:58 [main] INFO  by.epam.task4.main.Main - Number of vowels in the text:369
2021-11-09 03:22:43 [main] INFO  by.epam.task4.main.Main - Parsed data:
	It has survived - not only (five) centuries, but also the leap into electronic typesetting, remaining essentially unchanged. It was popularised in the Динамо (Рига) with the release of Letraset sheets.toString() containing Lorem Ipsum passages, and more recently with desktop publishing software like Aldus PageMaker Faclon9 including versions of Lorem Ipsum! 
	It is a long a!=b established fact that a reader will be distracted by the readable content of a page when looking at its layout. The point of using Ipsum is that it has a more-or-less normal distribution ob.toString(a?b:c), as opposed to using (Content here), content here's, making it look like readable English? 
	It is a established fact that a reader will be of a page when looking at its layout... 
	Bye бандерлоги. 

2021-11-09 03:22:43 [main] INFO  by.epam.task4.main.Main - Sorting by the number of sentences in the paragraph:
[	It is a established fact that a reader will be of a page when looking at its layout... 
, 	Bye бандерлоги. 
, 	It has survived - not only (five) centuries, but also the leap into electronic typesetting, remaining essentially unchanged. It was popularised in the Динамо (Рига) with the release of Letraset sheets.toString() containing Lorem Ipsum passages, and more recently with desktop publishing software like Aldus PageMaker Faclon9 including versions of Lorem Ipsum! 
, 	It is a long a!=b established fact that a reader will be distracted by the readable content of a page when looking at its layout. The point of using Ipsum is that it has a more-or-less normal distribution ob.toString(a?b:c), as opposed to using (Content here), content here's, making it look like readable English? 
]
2021-11-09 03:22:43 [main] INFO  epam.task4.service.impl.TextServiceImpl - The longest word:
distribution
2021-11-09 03:22:43 [main] INFO  by.epam.task4.main.Main - Sentence with the longest word:
The point of using Ipsum is that it has a more-or-less normal distribution ob.toString(a?b:c), as opposed to using (Content here), content here's, making it look like readable English? 
2021-11-09 03:22:43 [main] INFO  by.epam.task4.main.Main - Sentence with the number of words more than:
[It was popularised in the Динамо (Рига) with the release of Letraset sheets.toString() containing Lorem Ipsum passages, and more recently with desktop publishing software like Aldus PageMaker Faclon9 including versions of Lorem Ipsum! , It is a long a!=b established fact that a reader will be distracted by the readable content of a page when looking at its layout. , The point of using Ipsum is that it has a more-or-less normal distribution ob.toString(a?b:c), as opposed to using (Content here), content here's, making it look like readable English? ]
2021-11-09 03:22:43 [main] INFO  by.epam.task4.main.Main - Number of consonants in the text:369
2021-11-09 03:22:43 [main] INFO  by.epam.task4.main.Main - Number of vowels in the text:250
2021-11-11 19:56:41 [main] INFO  by.epam.task4.main.Main - Parsed data:
	It has survived - not only (five) centuries, but also the leap into electronic typesetting, remaining essentially unchanged. It was popularised in the Динамо (Рига) with the release of Letraset sheets.toString() containing Lorem Ipsum passages, and more recently with desktop publishing software like Aldus PageMaker Faclon9 including versions of Lorem Ipsum! 
	It is a long a!=b established fact that a reader will be distracted by the readable content of a page when looking at its layout. The point of using Ipsum is that it has a more-or-less normal distribution ob.toString(a?b:c), as opposed to using (Content here), content here's, making it look like readable English? 
	It is a established fact that a reader will be of a page when looking at its layout... 
	Bye бандерлоги. 

2021-11-11 19:56:41 [main] INFO  by.epam.task4.main.Main - Sorting by the number of sentences in the paragraph:
[	It is a established fact that a reader will be of a page when looking at its layout... 
, 	Bye бандерлоги. 
, 	It has survived - not only (five) centuries, but also the leap into electronic typesetting, remaining essentially unchanged. It was popularised in the Динамо (Рига) with the release of Letraset sheets.toString() containing Lorem Ipsum passages, and more recently with desktop publishing software like Aldus PageMaker Faclon9 including versions of Lorem Ipsum! 
, 	It is a long a!=b established fact that a reader will be distracted by the readable content of a page when looking at its layout. The point of using Ipsum is that it has a more-or-less normal distribution ob.toString(a?b:c), as opposed to using (Content here), content here's, making it look like readable English? 
]
2021-11-11 19:56:41 [main] INFO  epam.task4.service.impl.TextServiceImpl - The longest word:
distribution
2021-11-11 19:56:41 [main] INFO  by.epam.task4.main.Main - Sentence with the longest word:
The point of using Ipsum is that it has a more-or-less normal distribution ob.toString(a?b:c), as opposed to using (Content here), content here's, making it look like readable English? 
2021-11-11 19:56:41 [main] INFO  by.epam.task4.main.Main - Sentence with the number of words more than:
[It was popularised in the Динамо (Рига) with the release of Letraset sheets.toString() containing Lorem Ipsum passages, and more recently with desktop publishing software like Aldus PageMaker Faclon9 including versions of Lorem Ipsum! , It is a long a!=b established fact that a reader will be distracted by the readable content of a page when looking at its layout. , The point of using Ipsum is that it has a more-or-less normal distribution ob.toString(a?b:c), as opposed to using (Content here), content here's, making it look like readable English? ]
2021-11-11 19:56:41 [main] INFO  by.epam.task4.main.Main - Number of consonants in the text:369
2021-11-11 19:56:41 [main] INFO  by.epam.task4.main.Main - Number of vowels in the text:250
2021-11-11 19:56:41 [main] INFO  by.epam.task4.main.Main - Same words: {reader=2, when=2, lorem=2, that=3, has=2, readable=2, using=2, like=2, its=2, is=3, it=6, at=2, ipsum=3, looking=2, page=2, here=2, fact=2, be=2, content=3, of=5, established=2, a=9, b=2, will=2, more=2, the=5, layout=2, with=2, tostring=2}
2021-11-11 22:13:55 [main] ERROR epam.task4.reader.impl.DataReaderImpl - The source data/text.txt was not found
2021-11-11 22:29:09 [main] ERROR epam.task4.reader.impl.DataReaderImpl - The source data/noFile.txt was not found
